2023-08-04 16:07:06.442 [info] Extension host with pid 95 started
2023-08-04 16:07:06.858 [info] ExtensionService#_doActivateExtension vscode.git-base, startup: true, activationEvent: '*', root cause: vscode.git
2023-08-04 16:07:06.879 [info] ExtensionService#_doActivateExtension ms-vscode.cpptools, startup: true, activationEvent: 'workspaceContains:/.vscode/c_cpp_properties.json'
2023-08-04 16:07:09.093 [info] Lock '/home/zjc/.vscode-server/data/User/workspaceStorage/87ab1919372c291cbc88815410f5e9ea/vscode.lock': Lock acquired.
2023-08-04 16:07:09.580 [info] ExtensionService#_doActivateExtension vscode.git, startup: true, activationEvent: '*'
2023-08-04 16:07:09.580 [info] ExtensionService#_doActivateExtension vscode.github, startup: true, activationEvent: '*'
2023-08-04 16:07:09.653 [info] ExtensionService#_doActivateExtension ms-vscode.makefile-tools, startup: true, activationEvent: 'workspaceContains:**/makefile,**/Makefile,**/GNUmakefile'
2023-08-04 16:07:10.796 [info] ExtensionService#_doActivateExtension vscode.extension-editing, startup: false, activationEvent: 'onLanguage:json'
2023-08-04 16:07:10.803 [info] ExtensionService#_doActivateExtension vscode.json-language-features, startup: false, activationEvent: 'onLanguage:json'
2023-08-04 16:07:10.804 [info] ExtensionService#_doActivateExtension vscode.npm, startup: false, activationEvent: 'onLanguage:json'
2023-08-04 16:07:10.805 [info] ExtensionService#_doActivateExtension vscode.emmet, startup: false, activationEvent: 'onLanguage'
2023-08-04 16:07:11.604 [info] ExtensionService#_doActivateExtension vscode.typescript-language-features, startup: false, activationEvent: 'onLanguage:jsonc'
2023-08-04 16:07:11.609 [info] Eager extensions activated
2023-08-04 16:07:11.611 [info] ExtensionService#_doActivateExtension vscode.debug-auto-launch, startup: false, activationEvent: 'onStartupFinished'
2023-08-04 16:07:11.621 [info] ExtensionService#_doActivateExtension vscode.merge-conflict, startup: false, activationEvent: 'onStartupFinished'
2023-08-04 16:07:12.365 [warning] Using default string since no string found in i18n bundle that has the key: {0} Commit (Amend)
2023-08-04 16:07:12.366 [warning] Using default string since no string found in i18n bundle that has the key: {0} Commit (Amend)
2023-08-04 16:07:12.366 [warning] Using default string since no string found in i18n bundle that has the key: {0} Commit (Amend)
2023-08-04 16:07:12.370 [warning] Using default string since no string found in i18n bundle that has the key: {0} Commit (Amend)
2023-08-04 16:07:12.370 [warning] Using default string since no string found in i18n bundle that has the key: {0} Commit (Amend)
2023-08-04 16:07:12.371 [warning] Using default string since no string found in i18n bundle that has the key: {0} Commit (Amend)
2023-08-04 16:07:12.559 [warning] Using default string since no string found in i18n bundle that has the key: {0} Commit (Amend)
2023-08-04 16:07:12.560 [warning] Using default string since no string found in i18n bundle that has the key: {0} Commit (Amend)
2023-08-04 16:07:12.560 [warning] Using default string since no string found in i18n bundle that has the key: {0} Commit (Amend)
2023-08-04 16:07:12.563 [warning] Using default string since no string found in i18n bundle that has the key: {0} Commit (Amend)
2023-08-04 16:07:12.563 [warning] Using default string since no string found in i18n bundle that has the key: {0} Commit (Amend)
2023-08-04 16:07:12.564 [warning] Using default string since no string found in i18n bundle that has the key: {0} Commit (Amend)
2023-08-04 16:07:12.970 [warning] Using default string since no string found in i18n bundle that has the key: {0} Commit (Amend)
2023-08-04 16:07:12.972 [warning] Using default string since no string found in i18n bundle that has the key: {0} Commit (Amend)
2023-08-04 16:07:12.974 [warning] Using default string since no string found in i18n bundle that has the key: {0} Commit (Amend)
2023-08-04 16:07:12.978 [warning] Using default string since no string found in i18n bundle that has the key: {0} Commit (Amend)
2023-08-04 16:07:12.980 [warning] Using default string since no string found in i18n bundle that has the key: {0} Commit (Amend)
2023-08-04 16:07:12.980 [warning] Using default string since no string found in i18n bundle that has the key: {0} Commit (Amend)
