2023-08-03 17:25:39.461 [info] 日志级别: Info
2023-08-03 17:25:39.461 [info] 正在验证在以下位置找到的 git: "git"
2023-08-03 17:25:39.461 [info] 将使用位于 "2.25.1" 的 Git "git"
2023-08-03 17:25:39.461 [info] > git rev-parse --show-toplevel [40ms]
2023-08-03 17:25:39.461 [info] fatal: not a git repository (or any of the parent directories): .git
2023-08-03 17:25:39.461 [info] > git rev-parse --show-toplevel [7ms]
2023-08-03 17:25:39.480 [info] > git rev-parse --git-dir --git-common-dir [31ms]
2023-08-03 17:25:39.491 [info] Open repository: /home/zjc/xv6-labs-10
2023-08-03 17:25:39.505 [info] > git rev-parse --show-toplevel [9ms]
2023-08-03 17:25:39.505 [info] fatal: not a git repository (or any of the parent directories): .git
2023-08-03 17:25:39.514 [info] > git rev-parse --show-toplevel [3ms]
2023-08-03 17:25:39.514 [info] fatal: not a git repository (or any of the parent directories): .git
2023-08-03 17:25:39.519 [info] > git config --get commit.template [16ms]
2023-08-03 17:25:39.522 [info] > git rev-parse --show-toplevel [3ms]
2023-08-03 17:25:39.522 [info] fatal: not a git repository (or any of the parent directories): .git
2023-08-03 17:25:39.536 [info] > git for-each-ref --format=%(refname)%00%(upstream:short)%00%(objectname)%00%(upstream:track)%00%(upstream:remotename)%00%(upstream:remoteref) refs/heads/mmap refs/remotes/mmap [4ms]
2023-08-03 17:25:39.543 [info] > git rev-parse --show-toplevel [16ms]
2023-08-03 17:25:39.543 [info] fatal: not a git repository (or any of the parent directories): .git
2023-08-03 17:25:39.600 [info] > git status -z -uall [58ms]
2023-08-03 17:25:39.601 [info] > git rev-parse --show-toplevel [54ms]
2023-08-03 17:25:39.601 [info] fatal: not a git repository (or any of the parent directories): .git
2023-08-03 17:25:39.659 [info] > git rev-parse --show-toplevel [54ms]
2023-08-03 17:25:39.659 [info] fatal: not a git repository (or any of the parent directories): .git
2023-08-03 17:25:39.666 [info] > git rev-parse --show-toplevel [3ms]
2023-08-03 17:25:39.672 [info] > git config --get commit.template [17ms]
2023-08-03 17:25:39.674 [info] > git rev-parse --git-dir --git-common-dir [3ms]
2023-08-03 17:25:39.678 [info] Open repository: /home/zjc/xv6-labs-1-2
2023-08-03 17:25:39.700 [info] > git rev-parse --show-toplevel [17ms]
2023-08-03 17:25:39.708 [info] > git config --get commit.template [15ms]
2023-08-03 17:25:39.708 [info] > git for-each-ref --format=%(refname)%00%(upstream:short)%00%(objectname)%00%(upstream:track)%00%(upstream:remotename)%00%(upstream:remoteref) refs/heads/mmap refs/remotes/mmap [20ms]
2023-08-03 17:25:39.718 [info] > git status -z -uall [6ms]
2023-08-03 17:25:39.719 [info] > git rev-parse --git-dir --git-common-dir [15ms]
2023-08-03 17:25:39.725 [info] Open repository: /home/zjc/xv6-labs-2021
2023-08-03 17:25:39.750 [info] > git rev-parse --show-toplevel [18ms]
2023-08-03 17:25:39.750 [info] fatal: not a git repository (or any of the parent directories): .git
2023-08-03 17:25:39.766 [info] > git rev-parse --show-toplevel [9ms]
2023-08-03 17:25:39.767 [info] fatal: not a git repository (or any of the parent directories): .git
2023-08-03 17:25:39.773 [info] > git config --get commit.template [27ms]
2023-08-03 17:25:39.774 [info] > git for-each-ref --format=%(refname)%00%(upstream:short)%00%(objectname)%00%(upstream:track)%00%(upstream:remotename)%00%(upstream:remoteref) refs/heads/syscall refs/remotes/syscall [33ms]
2023-08-03 17:25:39.786 [info] > git status -z -uall [7ms]
2023-08-03 17:25:39.786 [info] > git rev-parse --show-toplevel [13ms]
2023-08-03 17:25:39.786 [info] fatal: not a git repository (or any of the parent directories): .git
2023-08-03 17:25:39.800 [info] > git rev-parse --show-toplevel [9ms]
2023-08-03 17:25:39.800 [info] fatal: not a git repository (or any of the parent directories): .git
2023-08-03 17:25:39.826 [info] > git rev-parse --show-toplevel [21ms]
2023-08-03 17:25:39.826 [info] fatal: not a git repository (or any of the parent directories): .git
2023-08-03 17:25:39.832 [info] > git for-each-ref --format=%(refname)%00%(upstream:short)%00%(objectname)%00%(upstream:track)%00%(upstream:remotename)%00%(upstream:remoteref) refs/heads/syscall refs/remotes/syscall [33ms]
2023-08-03 17:25:39.846 [info] > git status -z -uall [8ms]
2023-08-03 17:25:39.846 [info] > git rev-parse --show-toplevel [15ms]
2023-08-03 17:25:39.846 [info] fatal: not a git repository (or any of the parent directories): .git
2023-08-03 17:25:39.851 [info] > git config --get commit.template [32ms]
2023-08-03 17:25:39.854 [info] > git rev-parse --show-toplevel [3ms]
2023-08-03 17:25:39.854 [info] fatal: not a git repository (or any of the parent directories): .git
2023-08-03 17:25:39.903 [info] > git config --get commit.template [8ms]
2023-08-03 17:25:39.904 [info] > git for-each-ref --format=%(refname)%00%(upstream:short)%00%(objectname)%00%(upstream:track)%00%(upstream:remotename)%00%(upstream:remoteref) refs/heads/syscall refs/remotes/syscall [12ms]
2023-08-03 17:25:39.927 [info] > git status -z -uall [19ms]
2023-08-03 17:25:39.939 [info] > git for-each-ref --format=%(refname)%00%(upstream:short)%00%(objectname)%00%(upstream:track)%00%(upstream:remotename)%00%(upstream:remoteref) refs/heads/syscall refs/remotes/syscall [4ms]
2023-08-03 17:25:39.946 [info] > git status -z -uall [1ms]
2023-08-03 17:25:40.062 [info] > git check-ignore -v -z --stdin [3ms]
2023-08-03 17:25:40.290 [info] > git show --textconv :kernel/sysfile.c [8ms]
2023-08-03 17:25:40.292 [info] > git ls-files --stage -- /home/zjc/xv6-labs-10/kernel/sysfile.c [4ms]
2023-08-03 17:25:40.298 [info] > git cat-file -s 5dc453b906f3353d800ec9c4b725375a2edeacd7 [1ms]
2023-08-03 17:25:48.645 [info] > git check-ignore -v -z --stdin [15ms]
2023-08-03 17:25:48.648 [info] > git check-ignore -v -z --stdin [6ms]
2023-08-03 17:25:50.216 [info] > git check-ignore -v -z --stdin [5ms]
2023-08-03 17:26:04.554 [info] > git config --get commit.template [1ms]
2023-08-03 17:26:04.560 [info] > git for-each-ref --format=%(refname)%00%(upstream:short)%00%(objectname)%00%(upstream:track)%00%(upstream:remotename)%00%(upstream:remoteref) refs/heads/mmap refs/remotes/mmap [1ms]
2023-08-03 17:26:04.568 [info] > git status -z -uall [2ms]
2023-08-03 17:26:18.748 [info] > git config --get commit.template [2ms]
2023-08-03 17:26:18.763 [info] > git for-each-ref --format=%(refname)%00%(upstream:short)%00%(objectname)%00%(upstream:track)%00%(upstream:remotename)%00%(upstream:remoteref) refs/heads/mmap refs/remotes/mmap [3ms]
2023-08-03 17:26:18.779 [info] > git status -z -uall [4ms]
2023-08-03 17:26:43.599 [info] > git config --get commit.template [1ms]
2023-08-03 17:26:43.605 [info] > git for-each-ref --format=%(refname)%00%(upstream:short)%00%(objectname)%00%(upstream:track)%00%(upstream:remotename)%00%(upstream:remoteref) refs/heads/mmap refs/remotes/mmap [1ms]
2023-08-03 17:26:43.611 [info] > git status -z -uall [1ms]
2023-08-03 17:26:58.446 [info] > git config --get commit.template [1ms]
2023-08-03 17:26:58.453 [info] > git for-each-ref --format=%(refname)%00%(upstream:short)%00%(objectname)%00%(upstream:track)%00%(upstream:remotename)%00%(upstream:remoteref) refs/heads/mmap refs/remotes/mmap [2ms]
2023-08-03 17:26:58.459 [info] > git status -z -uall [2ms]
2023-08-03 17:27:03.470 [info] > git config --get commit.template [1ms]
2023-08-03 17:27:03.477 [info] > git for-each-ref --format=%(refname)%00%(upstream:short)%00%(objectname)%00%(upstream:track)%00%(upstream:remotename)%00%(upstream:remoteref) refs/heads/mmap refs/remotes/mmap [2ms]
2023-08-03 17:27:03.484 [info] > git status -z -uall [2ms]
2023-08-03 17:27:13.105 [info] > git config --get commit.template [1ms]
2023-08-03 17:27:13.112 [info] > git for-each-ref --format=%(refname)%00%(upstream:short)%00%(objectname)%00%(upstream:track)%00%(upstream:remotename)%00%(upstream:remoteref) refs/heads/mmap refs/remotes/mmap [2ms]
2023-08-03 17:27:13.119 [info] > git status -z -uall [1ms]
2023-08-03 17:27:23.921 [info] > git config --get commit.template [14ms]
2023-08-03 17:27:23.923 [info] > git for-each-ref --format=%(refname)%00%(upstream:short)%00%(objectname)%00%(upstream:track)%00%(upstream:remotename)%00%(upstream:remoteref) refs/heads/mmap refs/remotes/mmap [3ms]
2023-08-03 17:27:23.938 [info] > git status -z -uall [3ms]
2023-08-03 17:27:41.101 [info] > git check-ignore -v -z --stdin [1ms]
2023-08-03 17:27:51.904 [info] > git check-ignore -v -z --stdin [2ms]
2023-08-03 17:27:55.573 [info] > git check-ignore -v -z --stdin [2ms]
2023-08-03 17:27:56.746 [info] > git show --textconv :user/usertests.c [19ms]
2023-08-03 17:27:56.752 [info] > git ls-files --stage -- /home/zjc/xv6-labs-10/user/usertests.c [8ms]
2023-08-03 17:27:56.769 [info] > git cat-file -s 0fe7371ba3e88714731d6de07c1ea98cdeacb2de [3ms]
2023-08-03 17:28:25.637 [info] > git config --get commit.template [2ms]
2023-08-03 17:28:25.651 [info] > git for-each-ref --format=%(refname)%00%(upstream:short)%00%(objectname)%00%(upstream:track)%00%(upstream:remotename)%00%(upstream:remoteref) refs/heads/mmap refs/remotes/mmap [3ms]
2023-08-03 17:28:25.668 [info] > git status -z -uall [6ms]
2023-08-03 17:28:31.434 [info] > git config --get commit.template [3ms]
2023-08-03 17:28:31.450 [info] > git for-each-ref --format=%(refname)%00%(upstream:short)%00%(objectname)%00%(upstream:track)%00%(upstream:remotename)%00%(upstream:remoteref) refs/heads/mmap refs/remotes/mmap [2ms]
2023-08-03 17:28:31.464 [info] > git status -z -uall [3ms]
2023-08-03 17:30:08.432 [info] > git rev-parse --show-toplevel [1ms]
2023-08-03 17:30:08.437 [info] > git rev-parse --git-dir --git-common-dir [1ms]
2023-08-03 17:30:08.447 [info] Open repository: /home/zjc/xv6-labs-9/xv6-labs-20211
2023-08-03 17:30:08.461 [info] > git config --get commit.template [6ms]
2023-08-03 17:30:08.468 [info] > git for-each-ref --format=%(refname)%00%(upstream:short)%00%(objectname)%00%(upstream:track)%00%(upstream:remotename)%00%(upstream:remoteref) refs/heads/fs refs/remotes/fs [8ms]
2023-08-03 17:30:08.478 [info] > git status -z -uall [5ms]
2023-08-03 17:30:08.493 [info] > git config --get commit.template [1ms]
2023-08-03 17:30:08.499 [info] > git for-each-ref --format=%(refname)%00%(upstream:short)%00%(objectname)%00%(upstream:track)%00%(upstream:remotename)%00%(upstream:remoteref) refs/heads/fs refs/remotes/fs [2ms]
2023-08-03 17:30:08.505 [info] > git status -z -uall [2ms]
2023-08-03 17:30:08.781 [info] > git show --textconv :grade-lab-fs [5ms]
2023-08-03 17:30:08.783 [info] > git ls-files --stage -- /home/zjc/xv6-labs-9/xv6-labs-20211/grade-lab-fs [2ms]
2023-08-03 17:30:08.788 [info] > git cat-file -s f1762e1149ed96c4db812ac0d73d8a8927905957 [0ms]
2023-08-03 17:30:09.072 [info] > git check-ignore -v -z --stdin [10ms]
2023-08-03 17:30:09.073 [info] > git check-ignore -v -z --stdin [6ms]
2023-08-03 17:30:09.073 [info] > git check-ignore -v -z --stdin [2ms]
2023-08-03 17:31:27.755 [info] > git config --get commit.template [10ms]
2023-08-03 17:31:27.756 [info] > git for-each-ref --format=%(refname)%00%(upstream:short)%00%(objectname)%00%(upstream:track)%00%(upstream:remotename)%00%(upstream:remoteref) refs/heads/fs refs/remotes/fs [3ms]
2023-08-03 17:31:27.763 [info] > git status -z -uall [2ms]
2023-08-03 17:31:32.782 [info] > git config --get commit.template [5ms]
2023-08-03 17:31:32.782 [info] > git for-each-ref --format=%(refname)%00%(upstream:short)%00%(objectname)%00%(upstream:track)%00%(upstream:remotename)%00%(upstream:remoteref) refs/heads/fs refs/remotes/fs [1ms]
2023-08-03 17:31:32.788 [info] > git status -z -uall [1ms]
2023-08-03 17:31:40.030 [info] > git check-ignore -v -z --stdin [2ms]
2023-08-03 17:31:41.094 [info] > git check-ignore -v -z --stdin [1ms]
2023-08-03 17:31:57.879 [info] > git check-ignore -v -z --stdin [1ms]
2023-08-03 17:32:01.773 [info] > git check-ignore -v -z --stdin [1ms]
2023-08-03 17:32:42.714 [info] > git config --get commit.template [1ms]
2023-08-03 17:32:42.720 [info] > git for-each-ref --format=%(refname)%00%(upstream:short)%00%(objectname)%00%(upstream:track)%00%(upstream:remotename)%00%(upstream:remoteref) refs/heads/fs refs/remotes/fs [1ms]
2023-08-03 17:32:42.725 [info] > git status -z -uall [1ms]
2023-08-03 17:32:52.534 [info] > git config --get commit.template [1ms]
2023-08-03 17:32:52.539 [info] > git for-each-ref --format=%(refname)%00%(upstream:short)%00%(objectname)%00%(upstream:track)%00%(upstream:remotename)%00%(upstream:remoteref) refs/heads/fs refs/remotes/fs [1ms]
2023-08-03 17:32:52.547 [info] > git status -z -uall [2ms]
2023-08-03 17:34:06.300 [info] > git config --get commit.template [2ms]
2023-08-03 17:34:06.307 [info] > git for-each-ref --format=%(refname)%00%(upstream:short)%00%(objectname)%00%(upstream:track)%00%(upstream:remotename)%00%(upstream:remoteref) refs/heads/fs refs/remotes/fs [2ms]
2023-08-03 17:34:06.318 [info] > git status -z -uall [2ms]
2023-08-03 17:34:11.337 [info] > git config --get commit.template [6ms]
2023-08-03 17:34:11.338 [info] > git for-each-ref --format=%(refname)%00%(upstream:short)%00%(objectname)%00%(upstream:track)%00%(upstream:remotename)%00%(upstream:remoteref) refs/heads/fs refs/remotes/fs [1ms]
2023-08-03 17:34:11.344 [info] > git status -z -uall [1ms]
2023-08-03 17:34:16.359 [info] > git config --get commit.template [5ms]
2023-08-03 17:34:16.359 [info] > git for-each-ref --format=%(refname)%00%(upstream:short)%00%(objectname)%00%(upstream:track)%00%(upstream:remotename)%00%(upstream:remoteref) refs/heads/fs refs/remotes/fs [1ms]
2023-08-03 17:34:16.365 [info] > git status -z -uall [2ms]
2023-08-03 17:38:59.365 [info] > git config --get commit.template [1ms]
2023-08-03 17:38:59.374 [info] > git for-each-ref --format=%(refname)%00%(upstream:short)%00%(objectname)%00%(upstream:track)%00%(upstream:remotename)%00%(upstream:remoteref) refs/heads/fs refs/remotes/fs [2ms]
2023-08-03 17:38:59.387 [info] > git status -z -uall [2ms]
2023-08-03 17:41:08.756 [info] > git check-ignore -v -z --stdin [0ms]
2023-08-03 17:42:20.362 [info] > git config --get commit.template [1ms]
2023-08-03 17:42:20.369 [info] > git for-each-ref --format=%(refname)%00%(upstream:short)%00%(objectname)%00%(upstream:track)%00%(upstream:remotename)%00%(upstream:remoteref) refs/heads/fs refs/remotes/fs [1ms]
2023-08-03 17:42:20.375 [info] > git status -z -uall [2ms]
2023-08-03 17:43:45.683 [info] > git check-ignore -v -z --stdin [2ms]
2023-08-03 17:43:48.514 [info] > git check-ignore -v -z --stdin [2ms]
2023-08-03 17:44:12.685 [info] > git check-ignore -v -z --stdin [4ms]
2023-08-03 17:44:16.589 [info] > git check-ignore -v -z --stdin [5ms]
2023-08-03 17:44:52.422 [info] > git config --get commit.template [2ms]
2023-08-03 17:44:52.436 [info] > git for-each-ref --format=%(refname)%00%(upstream:short)%00%(objectname)%00%(upstream:track)%00%(upstream:remotename)%00%(upstream:remoteref) refs/heads/fs refs/remotes/fs [3ms]
2023-08-03 17:44:52.450 [info] > git status -z -uall [4ms]
2023-08-03 17:46:08.738 [info] > git rev-parse --show-toplevel [4ms]
2023-08-03 17:46:08.746 [info] > git rev-parse --git-dir --git-common-dir [2ms]
2023-08-03 17:46:08.753 [info] Open repository: /home/zjc/xv6-labs-8/xv6-labs-2021
2023-08-03 17:46:08.764 [info] > git config --get commit.template [2ms]
2023-08-03 17:46:08.786 [info] > git for-each-ref --format=%(refname)%00%(upstream:short)%00%(objectname)%00%(upstream:track)%00%(upstream:remotename)%00%(upstream:remoteref) refs/heads/lock refs/remotes/lock [12ms]
2023-08-03 17:46:08.797 [info] > git status -z -uall [5ms]
2023-08-03 17:46:08.818 [info] > git config --get commit.template [2ms]
2023-08-03 17:46:08.826 [info] > git for-each-ref --format=%(refname)%00%(upstream:short)%00%(objectname)%00%(upstream:track)%00%(upstream:remotename)%00%(upstream:remoteref) refs/heads/lock refs/remotes/lock [1ms]
2023-08-03 17:46:08.833 [info] > git status -z -uall [3ms]
2023-08-03 17:46:09.164 [info] > git show --textconv :.gitignore [16ms]
2023-08-03 17:46:09.168 [info] > git ls-files --stage -- /home/zjc/xv6-labs-8/xv6-labs-2021/.gitignore [6ms]
2023-08-03 17:46:09.181 [info] > git cat-file -s 3d25221d22fe011ccede0083199db428581e5683 [2ms]
2023-08-03 17:46:09.371 [info] > git check-ignore -v -z --stdin [50ms]
2023-08-03 17:46:09.373 [info] > git check-ignore -v -z --stdin [39ms]
2023-08-03 17:46:09.375 [info] > git check-ignore -v -z --stdin [25ms]
2023-08-03 17:46:09.376 [info] > git check-ignore -v -z --stdin [15ms]
2023-08-03 17:46:09.657 [info] > git show --textconv :grade-lab-lock [15ms]
2023-08-03 17:46:09.659 [info] > git ls-files --stage -- /home/zjc/xv6-labs-8/xv6-labs-2021/grade-lab-lock [4ms]
2023-08-03 17:46:09.675 [info] > git cat-file -s af6ec94c855c39f306d465d38228472c3a42e525 [3ms]
2023-08-03 17:47:31.240 [info] > git config --get commit.template [1ms]
2023-08-03 17:47:31.250 [info] > git for-each-ref --format=%(refname)%00%(upstream:short)%00%(objectname)%00%(upstream:track)%00%(upstream:remotename)%00%(upstream:remoteref) refs/heads/lock refs/remotes/lock [2ms]
2023-08-03 17:47:31.261 [info] > git status -z -uall [3ms]
2023-08-03 17:48:14.715 [info] > git check-ignore -v -z --stdin [1ms]
2023-08-03 17:48:17.070 [info] > git check-ignore -v -z --stdin [1ms]
2023-08-03 17:48:17.863 [info] > git config --get commit.template [1ms]
2023-08-03 17:48:17.868 [info] > git for-each-ref --format=%(refname)%00%(upstream:short)%00%(objectname)%00%(upstream:track)%00%(upstream:remotename)%00%(upstream:remoteref) refs/heads/lock refs/remotes/lock [1ms]
2023-08-03 17:48:17.874 [info] > git status -z -uall [1ms]
2023-08-03 17:50:03.396 [info] > git config --get commit.template [8ms]
2023-08-03 17:50:03.397 [info] > git for-each-ref --format=%(refname)%00%(upstream:short)%00%(objectname)%00%(upstream:track)%00%(upstream:remotename)%00%(upstream:remoteref) refs/heads/lock refs/remotes/lock [1ms]
2023-08-03 17:50:03.405 [info] > git status -z -uall [2ms]
2023-08-03 17:50:11.015 [info] > git config --get commit.template [14ms]
2023-08-03 17:50:11.017 [info] > git for-each-ref --format=%(refname)%00%(upstream:short)%00%(objectname)%00%(upstream:track)%00%(upstream:remotename)%00%(upstream:remoteref) refs/heads/lock refs/remotes/lock [4ms]
2023-08-03 17:50:11.037 [info] > git status -z -uall [5ms]
2023-08-03 17:50:16.055 [info] > git config --get commit.template [5ms]
2023-08-03 17:50:16.056 [info] > git for-each-ref --format=%(refname)%00%(upstream:short)%00%(objectname)%00%(upstream:track)%00%(upstream:remotename)%00%(upstream:remoteref) refs/heads/lock refs/remotes/lock [1ms]
2023-08-03 17:50:16.062 [info] > git status -z -uall [0ms]
2023-08-03 17:51:22.866 [info] > git config --get commit.template [17ms]
2023-08-03 17:51:22.869 [info] > git for-each-ref --format=%(refname)%00%(upstream:short)%00%(objectname)%00%(upstream:track)%00%(upstream:remotename)%00%(upstream:remoteref) refs/heads/lock refs/remotes/lock [4ms]
2023-08-03 17:51:22.887 [info] > git status -z -uall [6ms]
2023-08-03 17:51:27.906 [info] > git config --get commit.template [0ms]
2023-08-03 17:51:27.912 [info] > git for-each-ref --format=%(refname)%00%(upstream:short)%00%(objectname)%00%(upstream:track)%00%(upstream:remotename)%00%(upstream:remoteref) refs/heads/lock refs/remotes/lock [0ms]
2023-08-03 17:51:27.917 [info] > git status -z -uall [1ms]
2023-08-03 17:51:32.950 [info] > git config --get commit.template [15ms]
2023-08-03 17:51:32.951 [info] > git for-each-ref --format=%(refname)%00%(upstream:short)%00%(objectname)%00%(upstream:track)%00%(upstream:remotename)%00%(upstream:remoteref) refs/heads/lock refs/remotes/lock [3ms]
2023-08-03 17:51:32.968 [info] > git status -z -uall [5ms]
2023-08-03 17:53:32.673 [info] > git for-each-ref --format=%(refname)%00%(upstream:short)%00%(objectname)%00%(upstream:track)%00%(upstream:remotename)%00%(upstream:remoteref) refs/heads/lock refs/remotes/lock [2ms]
2023-08-03 17:53:32.673 [info] > git config --get commit.template [11ms]
2023-08-03 17:53:32.681 [info] > git status -z -uall [2ms]
2023-08-03 17:53:37.694 [info] > git config --get commit.template [1ms]
2023-08-03 17:53:37.700 [info] > git for-each-ref --format=%(refname)%00%(upstream:short)%00%(objectname)%00%(upstream:track)%00%(upstream:remotename)%00%(upstream:remoteref) refs/heads/lock refs/remotes/lock [1ms]
2023-08-03 17:53:37.707 [info] > git status -z -uall [2ms]
