2023-08-04 14:37:24.493 [info] 日志级别: Info
2023-08-04 14:37:24.493 [info] 正在验证在以下位置找到的 git: "git"
2023-08-04 14:37:24.493 [info] 将使用位于 "2.25.1" 的 Git "git"
2023-08-04 14:37:24.493 [info] > git rev-parse --show-toplevel [17ms]
2023-08-04 14:37:24.493 [info] fatal: not a git repository (or any of the parent directories): .git
2023-08-04 14:37:24.493 [info] > git rev-parse --show-toplevel [3ms]
2023-08-04 14:37:24.493 [info] > git rev-parse --git-dir --git-common-dir [25ms]
2023-08-04 14:37:24.493 [info] Open repository: /home/zjc/xv6-labs-8/xv6-labs-2021
2023-08-04 14:37:24.499 [info] > git rev-parse --show-toplevel [6ms]
2023-08-04 14:37:24.499 [info] fatal: not a git repository (or any of the parent directories): .git
2023-08-04 14:37:24.508 [info] > git config --get commit.template [10ms]
2023-08-04 14:37:24.510 [info] > git rev-parse --show-toplevel [8ms]
2023-08-04 14:37:24.510 [info] fatal: not a git repository (or any of the parent directories): .git
2023-08-04 14:37:24.519 [info] > git rev-parse --show-toplevel [6ms]
2023-08-04 14:37:24.519 [info] fatal: not a git repository (or any of the parent directories): .git
2023-08-04 14:37:24.523 [info] > git rev-parse --show-toplevel [0ms]
2023-08-04 14:37:24.524 [info] fatal: not a git repository (or any of the parent directories): .git
2023-08-04 14:37:24.527 [info] > git rev-parse --show-toplevel [0ms]
2023-08-04 14:37:24.527 [info] fatal: not a git repository (or any of the parent directories): .git
2023-08-04 14:37:24.532 [info] > git rev-parse --show-toplevel [1ms]
2023-08-04 14:37:24.532 [info] fatal: not a git repository (or any of the parent directories): .git
2023-08-04 14:37:24.540 [info] > git rev-parse --show-toplevel [5ms]
2023-08-04 14:37:24.545 [info] > git rev-parse --git-dir --git-common-dir [1ms]
2023-08-04 14:37:24.550 [info] Open repository: /home/zjc/xv6-labs-1-2
2023-08-04 14:37:24.808 [info] > git for-each-ref --format=%(refname)%00%(upstream:short)%00%(objectname)%00%(upstream:track)%00%(upstream:remotename)%00%(upstream:remoteref) refs/heads/lock refs/remotes/lock [291ms]
2023-08-04 14:37:24.827 [info] > git config --get commit.template [33ms]
2023-08-04 14:37:24.827 [info] > git rev-parse --show-toplevel [272ms]
2023-08-04 14:37:24.834 [info] > git status -z -uall [21ms]
2023-08-04 14:37:24.905 [info] > git rev-parse --git-dir --git-common-dir [74ms]
2023-08-04 14:37:24.910 [info] Open repository: /home/zjc/xv6-labs-10
2023-08-04 14:37:24.927 [info] > git config --get commit.template [36ms]
2023-08-04 14:37:24.928 [info] > git for-each-ref --format=%(refname)%00%(upstream:short)%00%(objectname)%00%(upstream:track)%00%(upstream:remotename)%00%(upstream:remoteref) refs/heads/syscall refs/remotes/syscall [63ms]
2023-08-04 14:37:24.951 [info] > git config --get commit.template [31ms]
2023-08-04 14:37:24.951 [info] > git rev-parse --show-toplevel [37ms]
2023-08-04 14:37:25.409 [info] > git status -z -uall [477ms]
2023-08-04 14:37:25.410 [info] > git rev-parse --git-dir --git-common-dir [454ms]
2023-08-04 14:37:25.417 [info] Open repository: /home/zjc/xv6-labs-2021
2023-08-04 14:37:25.573 [info] > git rev-parse --show-toplevel [148ms]
2023-08-04 14:37:25.573 [info] fatal: not a git repository (or any of the parent directories): .git
2023-08-04 14:37:25.579 [info] > git for-each-ref --format=%(refname)%00%(upstream:short)%00%(objectname)%00%(upstream:track)%00%(upstream:remotename)%00%(upstream:remoteref) refs/heads/lock refs/remotes/lock [392ms]
2023-08-04 14:37:25.908 [info] > git status -z -uall [325ms]
2023-08-04 14:37:25.912 [info] > git rev-parse --show-toplevel [334ms]
2023-08-04 14:37:25.912 [info] fatal: not a git repository (or any of the parent directories): .git
2023-08-04 14:37:25.917 [info] > git config --get commit.template [466ms]
2023-08-04 14:37:25.918 [info] > git config --get commit.template [471ms]
2023-08-04 14:37:25.918 [info] > git for-each-ref --format=%(refname)%00%(upstream:short)%00%(objectname)%00%(upstream:track)%00%(upstream:remotename)%00%(upstream:remoteref) refs/heads/mmap refs/remotes/mmap [480ms]
2023-08-04 14:37:25.931 [info] > git rev-parse --show-toplevel [13ms]
2023-08-04 14:37:25.931 [info] fatal: not a git repository (or any of the parent directories): .git
2023-08-04 14:37:25.968 [info] > git status -z -uall [45ms]
2023-08-04 14:37:25.969 [info] > git rev-parse --show-toplevel [33ms]
2023-08-04 14:37:25.969 [info] fatal: not a git repository (or any of the parent directories): .git
2023-08-04 14:37:25.975 [info] > git rev-parse --show-toplevel [2ms]
2023-08-04 14:37:25.975 [info] fatal: not a git repository (or any of the parent directories): .git
2023-08-04 14:37:25.980 [info] > git for-each-ref --format=%(refname)%00%(upstream:short)%00%(objectname)%00%(upstream:track)%00%(upstream:remotename)%00%(upstream:remoteref) refs/heads/syscall refs/remotes/syscall [12ms]
2023-08-04 14:37:26.018 [info] > git status -z -uall [33ms]
2023-08-04 14:37:26.023 [info] > git rev-parse --show-toplevel [43ms]
2023-08-04 14:37:26.023 [info] fatal: not a git repository (or any of the parent directories): .git
2023-08-04 14:37:26.071 [info] > git rev-parse --show-toplevel [44ms]
2023-08-04 14:37:26.071 [info] fatal: not a git repository (or any of the parent directories): .git
2023-08-04 14:37:26.086 [info] > git config --get commit.template [72ms]
2023-08-04 14:37:26.086 [info] > git for-each-ref --format=%(refname)%00%(upstream:short)%00%(objectname)%00%(upstream:track)%00%(upstream:remotename)%00%(upstream:remoteref) refs/heads/syscall refs/remotes/syscall [123ms]
2023-08-04 14:37:26.125 [info] > git show --textconv :grade-lab-lock [45ms]
2023-08-04 14:37:26.126 [info] > git ls-files --stage -- /home/zjc/xv6-labs-8/xv6-labs-2021/grade-lab-lock [41ms]
2023-08-04 14:37:26.170 [info] > git status -z -uall [79ms]
2023-08-04 14:37:26.170 [info] > git cat-file -s af6ec94c855c39f306d465d38228472c3a42e525 [39ms]
2023-08-04 14:37:26.204 [info] > git check-ignore -v -z --stdin [24ms]
2023-08-04 14:37:26.206 [info] > git check-ignore -v -z --stdin [22ms]
2023-08-04 14:37:26.207 [info] > git check-ignore -v -z --stdin [18ms]
2023-08-04 14:37:26.207 [info] > git check-ignore -v -z --stdin [13ms]
2023-08-04 14:37:26.208 [info] > git for-each-ref --format=%(refname)%00%(upstream:short)%00%(objectname)%00%(upstream:track)%00%(upstream:remotename)%00%(upstream:remoteref) refs/heads/mmap refs/remotes/mmap [39ms]
2023-08-04 14:37:26.219 [info] > git status -z -uall [6ms]
2023-08-04 14:37:26.221 [info] > git config --get commit.template [21ms]
2023-08-04 14:37:26.255 [info] > git for-each-ref --format=%(refname)%00%(upstream:short)%00%(objectname)%00%(upstream:track)%00%(upstream:remotename)%00%(upstream:remoteref) refs/heads/syscall refs/remotes/syscall [10ms]
2023-08-04 14:37:26.265 [info] > git status -z -uall [5ms]
2023-08-04 14:41:13.825 [info] > git config --get commit.template [5ms]
2023-08-04 14:41:13.826 [info] > git for-each-ref --format=%(refname)%00%(upstream:short)%00%(objectname)%00%(upstream:track)%00%(upstream:remotename)%00%(upstream:remoteref) refs/heads/mmap refs/remotes/mmap [2ms]
2023-08-04 14:41:13.831 [info] > git status -z -uall [2ms]
2023-08-04 14:41:18.846 [info] > git config --get commit.template [5ms]
2023-08-04 14:41:18.847 [info] > git for-each-ref --format=%(refname)%00%(upstream:short)%00%(objectname)%00%(upstream:track)%00%(upstream:remotename)%00%(upstream:remoteref) refs/heads/mmap refs/remotes/mmap [1ms]
2023-08-04 14:41:18.852 [info] > git status -z -uall [1ms]
2023-08-04 14:41:23.892 [info] > git config --get commit.template [17ms]
2023-08-04 14:41:23.893 [info] > git for-each-ref --format=%(refname)%00%(upstream:short)%00%(objectname)%00%(upstream:track)%00%(upstream:remotename)%00%(upstream:remoteref) refs/heads/mmap refs/remotes/mmap [4ms]
2023-08-04 14:41:23.910 [info] > git status -z -uall [5ms]
2023-08-04 14:46:08.246 [info] > git config --get commit.template [5ms]
2023-08-04 14:46:08.247 [info] > git for-each-ref --format=%(refname)%00%(upstream:short)%00%(objectname)%00%(upstream:track)%00%(upstream:remotename)%00%(upstream:remoteref) refs/heads/lock refs/remotes/lock [2ms]
2023-08-04 14:46:08.253 [info] > git status -z -uall [2ms]
2023-08-04 14:47:10.619 [info] > git rev-parse --show-toplevel [2ms]
2023-08-04 14:47:10.620 [info] fatal: not a git repository (or any of the parent directories): .git
2023-08-04 14:47:15.144 [info] > git check-ignore -v -z --stdin [6ms]
2023-08-04 14:47:15.474 [info] > git show --textconv :kernel/sysfile.c [11ms]
2023-08-04 14:47:15.475 [info] > git ls-files --stage -- /home/zjc/xv6-labs-10/kernel/sysfile.c [5ms]
2023-08-04 14:47:15.486 [info] > git cat-file -s 5dc453b906f3353d800ec9c4b725375a2edeacd7 [3ms]
2023-08-04 14:47:15.971 [info] > git check-ignore -v -z --stdin [3ms]
2023-08-04 15:05:32.720 [info] > git check-ignore -v -z --stdin [9ms]
2023-08-04 15:06:04.308 [info] > git rev-parse --show-toplevel [3ms]
2023-08-04 15:06:04.318 [info] > git rev-parse --git-dir --git-common-dir [2ms]
2023-08-04 15:06:04.322 [info] Open repository: /home/zjc/xv6-labs-4/xv6-labs-2021
2023-08-04 15:06:04.332 [info] > git config --get commit.template [2ms]
2023-08-04 15:06:04.358 [info] > git for-each-ref --format=%(refname)%00%(upstream:short)%00%(objectname)%00%(upstream:track)%00%(upstream:remotename)%00%(upstream:remoteref) refs/heads/traps refs/remotes/traps [21ms]
2023-08-04 15:06:04.407 [info] > git status -z -uall [40ms]
2023-08-04 15:06:04.423 [info] > git config --get commit.template [5ms]
2023-08-04 15:06:04.427 [info] > git for-each-ref --format=%(refname)%00%(upstream:short)%00%(objectname)%00%(upstream:track)%00%(upstream:remotename)%00%(upstream:remoteref) refs/heads/traps refs/remotes/traps [1ms]
2023-08-04 15:06:04.434 [info] > git status -z -uall [3ms]
2023-08-04 15:06:04.862 [info] > git show --textconv :grade-lab-traps [33ms]
2023-08-04 15:06:04.869 [info] > git ls-files --stage -- /home/zjc/xv6-labs-4/xv6-labs-2021/grade-lab-traps [13ms]
2023-08-04 15:06:04.888 [info] > git cat-file -s 058e77bdac009462325ea89d8357adaf2a6f91fb [4ms]
2023-08-04 15:06:04.940 [info] > git check-ignore -v -z --stdin [4ms]
2023-08-04 15:06:11.012 [info] > git check-ignore -v -z --stdin [23ms]
2023-08-04 15:06:11.023 [info] > git check-ignore -v -z --stdin [15ms]
2023-08-04 15:06:13.600 [info] > git check-ignore -v -z --stdin [27ms]
2023-08-04 15:06:13.603 [info] > git check-ignore -v -z --stdin [8ms]
2023-08-04 15:06:57.965 [info] > git config --get commit.template [5ms]
2023-08-04 15:06:57.965 [info] > git for-each-ref --format=%(refname)%00%(upstream:short)%00%(objectname)%00%(upstream:track)%00%(upstream:remotename)%00%(upstream:remoteref) refs/heads/traps refs/remotes/traps [1ms]
2023-08-04 15:06:57.971 [info] > git status -z -uall [2ms]
2023-08-04 15:10:39.983 [info] > git rev-parse --show-toplevel [3ms]
2023-08-04 15:10:39.991 [info] > git rev-parse --git-dir --git-common-dir [2ms]
2023-08-04 15:10:39.996 [info] Open repository: /home/zjc/xv6-labs-3/xv6-labs-2021
2023-08-04 15:10:40.004 [info] > git config --get commit.template [1ms]
2023-08-04 15:10:40.019 [info] > git for-each-ref --format=%(refname)%00%(upstream:short)%00%(objectname)%00%(upstream:track)%00%(upstream:remotename)%00%(upstream:remoteref) refs/heads/pgtbl refs/remotes/pgtbl [8ms]
2023-08-04 15:10:40.065 [info] > git status -z -uall [40ms]
2023-08-04 15:10:40.081 [info] > git config --get commit.template [5ms]
2023-08-04 15:10:40.081 [info] > git for-each-ref --format=%(refname)%00%(upstream:short)%00%(objectname)%00%(upstream:track)%00%(upstream:remotename)%00%(upstream:remoteref) refs/heads/pgtbl refs/remotes/pgtbl [1ms]
2023-08-04 15:10:40.088 [info] > git status -z -uall [2ms]
2023-08-04 15:10:40.432 [info] > git show --textconv :grade-lab-pgtbl [19ms]
2023-08-04 15:10:40.436 [info] > git ls-files --stage -- /home/zjc/xv6-labs-3/xv6-labs-2021/grade-lab-pgtbl [6ms]
2023-08-04 15:10:40.458 [info] > git cat-file -s 680791ce5d4f1c9e9d2d74f1edd4ae5588a96b3e [5ms]
2023-08-04 15:10:40.686 [info] > git check-ignore -v -z --stdin [34ms]
2023-08-04 15:10:40.688 [info] > git check-ignore -v -z --stdin [19ms]
2023-08-04 15:10:40.689 [info] > git check-ignore -v -z --stdin [7ms]
2023-08-04 15:10:53.905 [info] > git check-ignore -v -z --stdin [1ms]
2023-08-04 15:10:54.414 [info] > git config --get commit.template [5ms]
2023-08-04 15:10:54.415 [info] > git for-each-ref --format=%(refname)%00%(upstream:short)%00%(objectname)%00%(upstream:track)%00%(upstream:remotename)%00%(upstream:remoteref) refs/heads/pgtbl refs/remotes/pgtbl [1ms]
2023-08-04 15:10:54.421 [info] > git status -z -uall [3ms]
2023-08-04 15:11:36.698 [info] > git config --get commit.template [16ms]
2023-08-04 15:11:36.703 [info] > git for-each-ref --format=%(refname)%00%(upstream:short)%00%(objectname)%00%(upstream:track)%00%(upstream:remotename)%00%(upstream:remoteref) refs/heads/pgtbl refs/remotes/pgtbl [6ms]
2023-08-04 15:11:36.723 [info] > git status -z -uall [9ms]
2023-08-04 15:11:43.200 [info] > git config --get commit.template [16ms]
2023-08-04 15:11:43.201 [info] > git for-each-ref --format=%(refname)%00%(upstream:short)%00%(objectname)%00%(upstream:track)%00%(upstream:remotename)%00%(upstream:remoteref) refs/heads/pgtbl refs/remotes/pgtbl [3ms]
2023-08-04 15:11:43.222 [info] > git status -z -uall [8ms]
2023-08-04 15:11:44.081 [info] > git check-ignore -v -z --stdin [1ms]
2023-08-04 15:11:48.646 [info] > git config --get commit.template [1ms]
2023-08-04 15:11:48.651 [info] > git for-each-ref --format=%(refname)%00%(upstream:short)%00%(objectname)%00%(upstream:track)%00%(upstream:remotename)%00%(upstream:remoteref) refs/heads/pgtbl refs/remotes/pgtbl [0ms]
2023-08-04 15:11:48.659 [info] > git status -z -uall [3ms]
2023-08-04 15:12:02.284 [info] > git config --get commit.template [5ms]
2023-08-04 15:12:02.285 [info] > git for-each-ref --format=%(refname)%00%(upstream:short)%00%(objectname)%00%(upstream:track)%00%(upstream:remotename)%00%(upstream:remoteref) refs/heads/pgtbl refs/remotes/pgtbl [1ms]
2023-08-04 15:12:02.291 [info] > git status -z -uall [2ms]
2023-08-04 15:12:25.960 [info] > git config --get commit.template [1ms]
2023-08-04 15:12:25.966 [info] > git for-each-ref --format=%(refname)%00%(upstream:short)%00%(objectname)%00%(upstream:track)%00%(upstream:remotename)%00%(upstream:remoteref) refs/heads/pgtbl refs/remotes/pgtbl [1ms]
2023-08-04 15:12:25.974 [info] > git status -z -uall [3ms]
2023-08-04 15:12:32.312 [info] > git config --get commit.template [1ms]
2023-08-04 15:12:32.318 [info] > git for-each-ref --format=%(refname)%00%(upstream:short)%00%(objectname)%00%(upstream:track)%00%(upstream:remotename)%00%(upstream:remoteref) refs/heads/pgtbl refs/remotes/pgtbl [1ms]
2023-08-04 15:12:32.325 [info] > git status -z -uall [2ms]
2023-08-04 15:12:41.910 [info] > git config --get commit.template [1ms]
2023-08-04 15:12:41.917 [info] > git for-each-ref --format=%(refname)%00%(upstream:short)%00%(objectname)%00%(upstream:track)%00%(upstream:remotename)%00%(upstream:remoteref) refs/heads/pgtbl refs/remotes/pgtbl [2ms]
2023-08-04 15:12:41.923 [info] > git status -z -uall [2ms]
2023-08-04 15:12:46.932 [info] > git config --get commit.template [0ms]
2023-08-04 15:12:46.937 [info] > git for-each-ref --format=%(refname)%00%(upstream:short)%00%(objectname)%00%(upstream:track)%00%(upstream:remotename)%00%(upstream:remoteref) refs/heads/pgtbl refs/remotes/pgtbl [1ms]
2023-08-04 15:12:46.945 [info] > git status -z -uall [3ms]
2023-08-04 15:12:55.642 [info] > git config --get commit.template [14ms]
2023-08-04 15:12:55.643 [info] > git for-each-ref --format=%(refname)%00%(upstream:short)%00%(objectname)%00%(upstream:track)%00%(upstream:remotename)%00%(upstream:remoteref) refs/heads/pgtbl refs/remotes/pgtbl [2ms]
2023-08-04 15:12:55.659 [info] > git status -z -uall [6ms]
2023-08-04 15:14:05.911 [info] > git config --get commit.template [6ms]
2023-08-04 15:14:05.912 [info] > git for-each-ref --format=%(refname)%00%(upstream:short)%00%(objectname)%00%(upstream:track)%00%(upstream:remotename)%00%(upstream:remoteref) refs/heads/syscall refs/remotes/syscall [2ms]
2023-08-04 15:14:05.917 [info] > git status -z -uall [2ms]
2023-08-04 15:15:15.407 [info] > git config --get commit.template [6ms]
2023-08-04 15:15:15.407 [info] > git for-each-ref --format=%(refname)%00%(upstream:short)%00%(objectname)%00%(upstream:track)%00%(upstream:remotename)%00%(upstream:remoteref) refs/heads/syscall refs/remotes/syscall [1ms]
2023-08-04 15:15:15.412 [info] > git status -z -uall [1ms]
2023-08-04 15:16:51.889 [info] > git config --get commit.template [6ms]
2023-08-04 15:16:51.889 [info] > git for-each-ref --format=%(refname)%00%(upstream:short)%00%(objectname)%00%(upstream:track)%00%(upstream:remotename)%00%(upstream:remoteref) refs/heads/syscall refs/remotes/syscall [1ms]
2023-08-04 15:16:51.894 [info] > git status -z -uall [1ms]
2023-08-04 15:17:11.859 [info] > git config --get commit.template [4ms]
2023-08-04 15:17:11.859 [info] > git for-each-ref --format=%(refname)%00%(upstream:short)%00%(objectname)%00%(upstream:track)%00%(upstream:remotename)%00%(upstream:remoteref) refs/heads/syscall refs/remotes/syscall [1ms]
2023-08-04 15:17:11.864 [info] > git status -z -uall [1ms]
2023-08-04 15:17:16.880 [info] > git config --get commit.template [6ms]
2023-08-04 15:17:16.880 [info] > git for-each-ref --format=%(refname)%00%(upstream:short)%00%(objectname)%00%(upstream:track)%00%(upstream:remotename)%00%(upstream:remoteref) refs/heads/syscall refs/remotes/syscall [1ms]
2023-08-04 15:17:16.886 [info] > git status -z -uall [2ms]
2023-08-04 15:17:22.829 [info] > git config --get commit.template [5ms]
2023-08-04 15:17:22.829 [info] > git for-each-ref --format=%(refname)%00%(upstream:short)%00%(objectname)%00%(upstream:track)%00%(upstream:remotename)%00%(upstream:remoteref) refs/heads/syscall refs/remotes/syscall [1ms]
2023-08-04 15:17:22.835 [info] > git status -z -uall [1ms]
2023-08-04 15:19:41.169 [info] > git check-ignore -v -z --stdin [6ms]
2023-08-04 15:19:41.170 [info] > git check-ignore -v -z --stdin [1ms]
2023-08-04 15:25:40.246 [info] > git config --get commit.template [8ms]
2023-08-04 15:25:40.246 [info] > git for-each-ref --format=%(refname)%00%(upstream:short)%00%(objectname)%00%(upstream:track)%00%(upstream:remotename)%00%(upstream:remoteref) refs/heads/syscall refs/remotes/syscall [1ms]
2023-08-04 15:25:40.253 [info] > git status -z -uall [2ms]
2023-08-04 15:35:53.699 [info] > git config --get commit.template [0ms]
2023-08-04 15:35:53.704 [info] > git for-each-ref --format=%(refname)%00%(upstream:short)%00%(objectname)%00%(upstream:track)%00%(upstream:remotename)%00%(upstream:remoteref) refs/heads/pgtbl refs/remotes/pgtbl [0ms]
2023-08-04 15:35:53.710 [info] > git status -z -uall [2ms]
2023-08-04 15:40:47.146 [info] > git config --get commit.template [1ms]
2023-08-04 15:40:47.151 [info] > git for-each-ref --format=%(refname)%00%(upstream:short)%00%(objectname)%00%(upstream:track)%00%(upstream:remotename)%00%(upstream:remoteref) refs/heads/traps refs/remotes/traps [1ms]
2023-08-04 15:40:47.159 [info] > git status -z -uall [3ms]
