2023-08-01 15:31:51.318 [info] 日志级别: Info
2023-08-01 15:31:51.318 [info] 正在验证在以下位置找到的 git: "git"
2023-08-01 15:31:51.318 [info] 将使用位于 "2.25.1" 的 Git "git"
2023-08-01 15:31:51.318 [info] > git rev-parse --show-toplevel [40ms]
2023-08-01 15:31:51.318 [info] fatal: not a git repository (or any of the parent directories): .git
2023-08-01 15:31:51.318 [info] > git rev-parse --show-toplevel [19ms]
2023-08-01 15:31:51.318 [info] > git rev-parse --git-dir --git-common-dir [29ms]
2023-08-01 15:31:51.318 [info] Open repository: /home/zjc/xv6-labs-4/xv6-labs-2021
2023-08-01 15:31:51.328 [info] > git rev-parse --show-toplevel [14ms]
2023-08-01 15:31:51.328 [info] fatal: not a git repository (or any of the parent directories): .git
2023-08-01 15:31:51.353 [info] > git rev-parse --show-toplevel [20ms]
2023-08-01 15:31:51.354 [info] fatal: not a git repository (or any of the parent directories): .git
2023-08-01 15:31:51.358 [info] > git config --get commit.template [34ms]
2023-08-01 15:31:51.410 [info] > git rev-parse --show-toplevel [53ms]
2023-08-01 15:31:51.411 [info] fatal: not a git repository (or any of the parent directories): .git
2023-08-01 15:31:51.428 [info] > git rev-parse --show-toplevel [14ms]
2023-08-01 15:31:51.428 [info] fatal: not a git repository (or any of the parent directories): .git
2023-08-01 15:31:51.435 [info] > git rev-parse --show-toplevel [3ms]
2023-08-01 15:31:51.436 [info] fatal: not a git repository (or any of the parent directories): .git
2023-08-01 15:31:51.442 [info] > git rev-parse --show-toplevel [3ms]
2023-08-01 15:31:51.442 [info] fatal: not a git repository (or any of the parent directories): .git
2023-08-01 15:31:51.449 [info] > git rev-parse --show-toplevel [3ms]
2023-08-01 15:31:51.457 [info] > git rev-parse --git-dir --git-common-dir [4ms]
2023-08-01 15:31:51.460 [info] Open repository: /home/zjc/xv6-labs-1-2
2023-08-01 15:31:51.474 [info] > git for-each-ref --format=%(refname)%00%(upstream:short)%00%(objectname)%00%(upstream:track)%00%(upstream:remotename)%00%(upstream:remoteref) refs/heads/traps refs/remotes/traps [52ms]
2023-08-01 15:31:51.481 [info] > git rev-parse --show-toplevel [17ms]
2023-08-01 15:31:51.492 [info] > git rev-parse --git-dir --git-common-dir [6ms]
2023-08-01 15:31:51.499 [info] Open repository: /home/zjc/xv6-labs-10
2023-08-01 15:31:51.508 [info] > git config --get commit.template [36ms]
2023-08-01 15:31:51.524 [info] > git status -z -uall [44ms]
2023-08-01 15:31:51.525 [info] > git rev-parse --show-toplevel [19ms]
2023-08-01 15:31:51.545 [info] > git config --get commit.template [26ms]
2023-08-01 15:31:51.545 [info] > git for-each-ref --format=%(refname)%00%(upstream:short)%00%(objectname)%00%(upstream:track)%00%(upstream:remotename)%00%(upstream:remoteref) refs/heads/syscall refs/remotes/syscall [32ms]
2023-08-01 15:31:51.574 [info] > git status -z -uall [24ms]
2023-08-01 15:31:51.582 [info] > git rev-parse --git-dir --git-common-dir [53ms]
2023-08-01 15:31:51.586 [info] Open repository: /home/zjc/xv6-labs-2021
2023-08-01 15:31:51.611 [info] > git rev-parse --show-toplevel [20ms]
2023-08-01 15:31:51.611 [info] fatal: not a git repository (or any of the parent directories): .git
2023-08-01 15:31:51.617 [info] > git config --get commit.template [44ms]
2023-08-01 15:31:51.626 [info] > git rev-parse --show-toplevel [10ms]
2023-08-01 15:31:51.626 [info] fatal: not a git repository (or any of the parent directories): .git
2023-08-01 15:31:51.631 [info] > git config --get commit.template [24ms]
2023-08-01 15:31:51.631 [info] > git config --get commit.template [29ms]
2023-08-01 15:31:51.632 [info] > git for-each-ref --format=%(refname)%00%(upstream:short)%00%(objectname)%00%(upstream:track)%00%(upstream:remotename)%00%(upstream:remoteref) refs/heads/mmap refs/remotes/mmap [34ms]
2023-08-01 15:31:51.645 [info] > git status -z -uall [8ms]
2023-08-01 15:31:51.645 [info] > git rev-parse --show-toplevel [14ms]
2023-08-01 15:31:51.645 [info] fatal: not a git repository (or any of the parent directories): .git
2023-08-01 15:31:51.660 [info] > git for-each-ref --format=%(refname)%00%(upstream:short)%00%(objectname)%00%(upstream:track)%00%(upstream:remotename)%00%(upstream:remoteref) refs/heads/traps refs/remotes/traps [16ms]
2023-08-01 15:31:51.696 [info] > git status -z -uall [31ms]
2023-08-01 15:31:51.699 [info] > git for-each-ref --format=%(refname)%00%(upstream:short)%00%(objectname)%00%(upstream:track)%00%(upstream:remotename)%00%(upstream:remoteref) refs/heads/syscall refs/remotes/syscall [39ms]
2023-08-01 15:31:51.703 [info] > git for-each-ref --format=%(refname)%00%(upstream:short)%00%(objectname)%00%(upstream:track)%00%(upstream:remotename)%00%(upstream:remoteref) refs/heads/syscall refs/remotes/syscall [48ms]
2023-08-01 15:31:51.708 [info] > git rev-parse --show-toplevel [59ms]
2023-08-01 15:31:51.708 [info] fatal: not a git repository (or any of the parent directories): .git
2023-08-01 15:31:51.752 [info] > git status -z -uall [49ms]
2023-08-01 15:31:51.752 [info] > git status -z -uall [45ms]
2023-08-01 15:31:51.753 [info] > git rev-parse --show-toplevel [39ms]
2023-08-01 15:31:51.753 [info] fatal: not a git repository (or any of the parent directories): .git
2023-08-01 15:31:51.765 [info] > git config --get commit.template [71ms]
2023-08-01 15:31:51.772 [info] > git rev-parse --show-toplevel [14ms]
2023-08-01 15:31:51.772 [info] fatal: not a git repository (or any of the parent directories): .git
2023-08-01 15:31:51.798 [info] > git rev-parse --show-toplevel [22ms]
2023-08-01 15:31:51.798 [info] fatal: not a git repository (or any of the parent directories): .git
2023-08-01 15:31:51.802 [info] > git config --get commit.template [31ms]
2023-08-01 15:31:51.807 [info] > git for-each-ref --format=%(refname)%00%(upstream:short)%00%(objectname)%00%(upstream:track)%00%(upstream:remotename)%00%(upstream:remoteref) refs/heads/mmap refs/remotes/mmap [12ms]
2023-08-01 15:31:51.826 [info] > git status -z -uall [15ms]
2023-08-01 15:31:51.826 [info] > git for-each-ref --format=%(refname)%00%(upstream:short)%00%(objectname)%00%(upstream:track)%00%(upstream:remotename)%00%(upstream:remoteref) refs/heads/syscall refs/remotes/syscall [5ms]
2023-08-01 15:31:51.836 [info] > git status -z -uall [6ms]
2023-08-01 15:31:51.849 [info] > git check-ignore -v -z --stdin [4ms]
2023-08-01 15:31:52.217 [info] > git show --textconv :kernel/riscv.h [6ms]
2023-08-01 15:31:52.219 [info] > git ls-files --stage -- /home/zjc/xv6-labs-4/xv6-labs-2021/kernel/riscv.h [3ms]
2023-08-01 15:31:52.224 [info] > git cat-file -s 1691fafa8936202c847c410858649deb6a7dacbf [1ms]
2023-08-01 15:32:03.779 [info] > git check-ignore -v -z --stdin [1ms]
2023-08-01 15:32:15.482 [info] > git check-ignore -v -z --stdin [4ms]
2023-08-01 15:32:20.875 [info] > git check-ignore -v -z --stdin [14ms]
2023-08-01 15:32:20.877 [info] > git check-ignore -v -z --stdin [5ms]
2023-08-01 15:32:37.692 [info] > git check-ignore -v -z --stdin [70ms]
2023-08-01 15:32:37.696 [info] > git check-ignore -v -z --stdin [48ms]
2023-08-01 15:32:37.698 [info] > git check-ignore -v -z --stdin [23ms]
2023-08-01 15:32:39.191 [info] > git check-ignore -v -z --stdin [5ms]
2023-08-01 15:32:58.098 [info] > git rev-parse --show-toplevel [2ms]
2023-08-01 15:32:58.114 [info] > git rev-parse --git-dir --git-common-dir [8ms]
2023-08-01 15:32:58.120 [info] Open repository: /home/zjc/xv6-labs-6/xv6-labs-2021
2023-08-01 15:32:58.127 [info] > git config --get commit.template [1ms]
2023-08-01 15:32:58.142 [info] > git for-each-ref --format=%(refname)%00%(upstream:short)%00%(objectname)%00%(upstream:track)%00%(upstream:remotename)%00%(upstream:remoteref) refs/heads/thread refs/remotes/thread [9ms]
2023-08-01 15:32:58.193 [info] > git status -z -uall [44ms]
2023-08-01 15:32:58.208 [info] > git config --get commit.template [1ms]
2023-08-01 15:32:58.214 [info] > git for-each-ref --format=%(refname)%00%(upstream:short)%00%(objectname)%00%(upstream:track)%00%(upstream:remotename)%00%(upstream:remoteref) refs/heads/thread refs/remotes/thread [1ms]
2023-08-01 15:32:58.225 [info] > git status -z -uall [6ms]
2023-08-01 15:32:58.611 [info] > git show --textconv :user/uthread.asm [13ms]
2023-08-01 15:32:58.613 [info] > git ls-files --stage -- /home/zjc/xv6-labs-6/xv6-labs-2021/user/uthread.asm [4ms]
2023-08-01 15:32:58.663 [info] > git check-ignore -v -z --stdin [6ms]
2023-08-01 15:32:58.664 [info] > git check-ignore -v -z --stdin [2ms]
2023-08-01 15:33:00.440 [info] > git show --textconv :user/uthread.c [5ms]
2023-08-01 15:33:00.441 [info] > git ls-files --stage -- /home/zjc/xv6-labs-6/xv6-labs-2021/user/uthread.c [1ms]
2023-08-01 15:33:00.447 [info] > git cat-file -s 06349f52d5f8e705bfc6ac9cec1151095c2c30e1 [1ms]
2023-08-01 16:19:21.724 [info] > git check-ignore -v -z --stdin [52ms]
2023-08-01 16:19:21.733 [info] > git check-ignore -v -z --stdin [18ms]
2023-08-01 16:19:23.696 [info] > git check-ignore -v -z --stdin [33ms]
2023-08-01 16:19:23.697 [info] > git check-ignore -v -z --stdin [21ms]
2023-08-01 16:19:23.698 [info] > git check-ignore -v -z --stdin [3ms]
2023-08-01 16:19:24.444 [info] > git check-ignore -v -z --stdin [3ms]
2023-08-01 16:19:25.210 [info] > git show --textconv :notxv6/barrier.c [6ms]
2023-08-01 16:19:25.213 [info] > git ls-files --stage -- /home/zjc/xv6-labs-6/xv6-labs-2021/notxv6/barrier.c [2ms]
2023-08-01 16:19:25.221 [info] > git cat-file -s 12793e87849e8c1ec1d36f82a4e0a746d5f8c2fb [2ms]
2023-08-01 16:19:34.542 [info] > git show --textconv :notxv6/ph.c [10ms]
2023-08-01 16:19:34.542 [info] > git ls-files --stage -- /home/zjc/xv6-labs-6/xv6-labs-2021/notxv6/ph.c [2ms]
2023-08-01 16:19:34.549 [info] > git cat-file -s 82afe762a94cc7390e973fe12503c2baa791f123 [2ms]
2023-08-01 16:32:47.716 [info] > git show --textconv :notxv6/barrier.c [5ms]
2023-08-01 16:32:47.717 [info] > git ls-files --stage -- /home/zjc/xv6-labs-6/xv6-labs-2021/notxv6/barrier.c [2ms]
2023-08-01 16:32:47.722 [info] > git cat-file -s 12793e87849e8c1ec1d36f82a4e0a746d5f8c2fb [1ms]
2023-08-01 16:48:38.444 [info] > git show --textconv :notxv6/ph.c [5ms]
2023-08-01 16:48:38.444 [info] > git ls-files --stage -- /home/zjc/xv6-labs-6/xv6-labs-2021/notxv6/ph.c [1ms]
2023-08-01 16:48:38.451 [info] > git cat-file -s 82afe762a94cc7390e973fe12503c2baa791f123 [1ms]
2023-08-01 16:48:39.518 [info] > git show --textconv :notxv6/barrier.c [6ms]
2023-08-01 16:48:39.519 [info] > git ls-files --stage -- /home/zjc/xv6-labs-6/xv6-labs-2021/notxv6/barrier.c [1ms]
2023-08-01 16:48:39.525 [info] > git cat-file -s 12793e87849e8c1ec1d36f82a4e0a746d5f8c2fb [1ms]
2023-08-01 17:05:11.961 [info] > git config --get commit.template [1ms]
2023-08-01 17:05:11.973 [info] > git for-each-ref --format=%(refname)%00%(upstream:short)%00%(objectname)%00%(upstream:track)%00%(upstream:remotename)%00%(upstream:remoteref) refs/heads/thread refs/remotes/thread [6ms]
2023-08-01 17:05:12.009 [info] > git status -z -uall [29ms]
2023-08-01 17:06:09.363 [info] > git config --get commit.template [14ms]
2023-08-01 17:06:09.366 [info] > git for-each-ref --format=%(refname)%00%(upstream:short)%00%(objectname)%00%(upstream:track)%00%(upstream:remotename)%00%(upstream:remoteref) refs/heads/thread refs/remotes/thread [4ms]
2023-08-01 17:06:09.385 [info] > git status -z -uall [7ms]
