2023-08-01 20:18:46.331 [info] 日志级别: Info
2023-08-01 20:18:46.331 [info] 正在验证在以下位置找到的 git: "git"
2023-08-01 20:18:46.331 [info] 将使用位于 "2.25.1" 的 Git "git"
2023-08-01 20:18:46.331 [info] > git rev-parse --show-toplevel [61ms]
2023-08-01 20:18:46.331 [info] fatal: not a git repository (or any of the parent directories): .git
2023-08-01 20:18:46.331 [info] > git rev-parse --show-toplevel [43ms]
2023-08-01 20:18:46.331 [info] > git rev-parse --git-dir --git-common-dir [61ms]
2023-08-01 20:18:46.331 [info] Open repository: /home/zjc/xv6-labs-7/xv6-labs-2021
2023-08-01 20:18:46.341 [info] > git rev-parse --show-toplevel [12ms]
2023-08-01 20:18:46.341 [info] fatal: not a git repository (or any of the parent directories): .git
2023-08-01 20:18:46.351 [info] > git config --get commit.template [14ms]
2023-08-01 20:18:46.356 [info] > git rev-parse --show-toplevel [9ms]
2023-08-01 20:18:46.356 [info] fatal: not a git repository (or any of the parent directories): .git
2023-08-01 20:18:46.371 [info] > git rev-parse --show-toplevel [9ms]
2023-08-01 20:18:46.371 [info] fatal: not a git repository (or any of the parent directories): .git
2023-08-01 20:18:46.382 [info] > git rev-parse --show-toplevel [7ms]
2023-08-01 20:18:46.382 [info] fatal: not a git repository (or any of the parent directories): .git
2023-08-01 20:18:46.388 [info] > git for-each-ref --format=%(refname)%00%(upstream:short)%00%(objectname)%00%(upstream:track)%00%(upstream:remotename)%00%(upstream:remoteref) refs/heads/net refs/remotes/net [21ms]
2023-08-01 20:18:46.397 [info] > git rev-parse --show-toplevel [10ms]
2023-08-01 20:18:46.397 [info] fatal: not a git repository (or any of the parent directories): .git
2023-08-01 20:18:46.406 [info] > git rev-parse --show-toplevel [4ms]
2023-08-01 20:18:46.406 [info] fatal: not a git repository (or any of the parent directories): .git
2023-08-01 20:18:46.436 [info] > git status -z -uall [42ms]
2023-08-01 20:18:46.449 [info] > git rev-parse --show-toplevel [39ms]
2023-08-01 20:18:46.465 [info] > git rev-parse --git-dir --git-common-dir [12ms]
2023-08-01 20:18:46.472 [info] Open repository: /home/zjc/xv6-labs-1-2
2023-08-01 20:18:46.496 [info] > git config --get commit.template [36ms]
2023-08-01 20:18:46.508 [info] > git config --get commit.template [22ms]
2023-08-01 20:18:46.515 [info] > git for-each-ref --format=%(refname)%00%(upstream:short)%00%(objectname)%00%(upstream:track)%00%(upstream:remotename)%00%(upstream:remoteref) refs/heads/net refs/remotes/net [10ms]
2023-08-01 20:18:46.524 [info] > git rev-parse --show-toplevel [44ms]
2023-08-01 20:18:46.541 [info] > git status -z -uall [18ms]
2023-08-01 20:18:46.549 [info] > git rev-parse --git-dir --git-common-dir [20ms]
2023-08-01 20:18:46.555 [info] Open repository: /home/zjc/xv6-labs-10
2023-08-01 20:18:46.573 [info] > git for-each-ref --format=%(refname)%00%(upstream:short)%00%(objectname)%00%(upstream:track)%00%(upstream:remotename)%00%(upstream:remoteref) refs/heads/syscall refs/remotes/syscall [34ms]
2023-08-01 20:18:46.586 [info] > git config --get commit.template [18ms]
2023-08-01 20:18:46.586 [info] > git rev-parse --show-toplevel [24ms]
2023-08-01 20:18:46.597 [info] > git status -z -uall [18ms]
2023-08-01 20:18:46.597 [info] > git rev-parse --git-dir --git-common-dir [6ms]
2023-08-01 20:18:46.602 [info] Open repository: /home/zjc/xv6-labs-2021
2023-08-01 20:18:46.632 [info] > git rev-parse --show-toplevel [24ms]
2023-08-01 20:18:46.632 [info] fatal: not a git repository (or any of the parent directories): .git
2023-08-01 20:18:46.640 [info] > git rev-parse --show-toplevel [2ms]
2023-08-01 20:18:46.640 [info] fatal: not a git repository (or any of the parent directories): .git
2023-08-01 20:18:46.645 [info] > git config --get commit.template [14ms]
2023-08-01 20:18:46.645 [info] > git config --get commit.template [19ms]
2023-08-01 20:18:46.645 [info] > git for-each-ref --format=%(refname)%00%(upstream:short)%00%(objectname)%00%(upstream:track)%00%(upstream:remotename)%00%(upstream:remoteref) refs/heads/mmap refs/remotes/mmap [25ms]
2023-08-01 20:18:46.691 [info] > git status -z -uall [39ms]
2023-08-01 20:18:46.696 [info] > git rev-parse --show-toplevel [52ms]
2023-08-01 20:18:46.696 [info] fatal: not a git repository (or any of the parent directories): .git
2023-08-01 20:18:46.718 [info] > git rev-parse --show-toplevel [17ms]
2023-08-01 20:18:46.718 [info] fatal: not a git repository (or any of the parent directories): .git
2023-08-01 20:18:46.746 [info] > git rev-parse --show-toplevel [23ms]
2023-08-01 20:18:46.746 [info] fatal: not a git repository (or any of the parent directories): .git
2023-08-01 20:18:46.750 [info] > git config --get commit.template [33ms]
2023-08-01 20:18:46.751 [info] > git for-each-ref --format=%(refname)%00%(upstream:short)%00%(objectname)%00%(upstream:track)%00%(upstream:remotename)%00%(upstream:remoteref) refs/heads/syscall refs/remotes/syscall [39ms]
2023-08-01 20:18:46.755 [info] > git for-each-ref --format=%(refname)%00%(upstream:short)%00%(objectname)%00%(upstream:track)%00%(upstream:remotename)%00%(upstream:remoteref) refs/heads/syscall refs/remotes/syscall [48ms]
2023-08-01 20:18:46.768 [info] > git status -z -uall [12ms]
2023-08-01 20:18:46.768 [info] > git status -z -uall [8ms]
2023-08-01 20:18:46.772 [info] > git rev-parse --show-toplevel [21ms]
2023-08-01 20:18:46.772 [info] fatal: not a git repository (or any of the parent directories): .git
2023-08-01 20:18:46.783 [info] > git rev-parse --show-toplevel [7ms]
2023-08-01 20:18:46.783 [info] fatal: not a git repository (or any of the parent directories): .git
2023-08-01 20:18:46.800 [info] > git for-each-ref --format=%(refname)%00%(upstream:short)%00%(objectname)%00%(upstream:track)%00%(upstream:remotename)%00%(upstream:remoteref) refs/heads/mmap refs/remotes/mmap [18ms]
2023-08-01 20:18:46.827 [info] > git status -z -uall [21ms]
2023-08-01 20:18:46.830 [info] > git config --get commit.template [33ms]
2023-08-01 20:18:46.841 [info] > git for-each-ref --format=%(refname)%00%(upstream:short)%00%(objectname)%00%(upstream:track)%00%(upstream:remotename)%00%(upstream:remoteref) refs/heads/syscall refs/remotes/syscall [2ms]
2023-08-01 20:18:46.848 [info] > git status -z -uall [3ms]
2023-08-01 20:18:47.092 [info] > git check-ignore -v -z --stdin [14ms]
2023-08-01 20:18:47.093 [info] > git check-ignore -v -z --stdin [11ms]
2023-08-01 20:18:47.224 [info] > git show --textconv :kernel/e1000.c [6ms]
2023-08-01 20:18:47.226 [info] > git ls-files --stage -- /home/zjc/xv6-labs-7/xv6-labs-2021/kernel/e1000.c [3ms]
2023-08-01 20:18:47.232 [info] > git cat-file -s 70a2adf968a645086a43e3b0136d97f3ce2b39b9 [2ms]
