2023-08-05 14:55:16.170 [info] Extension host with pid 143 started
2023-08-05 14:55:16.177 [error] Error: EEXIST: file already exists, open '/home/zjc/.vscode-server/data/User/workspaceStorage/87ab1919372c291cbc88815410f5e9ea/vscode.lock'
2023-08-05 14:55:16.204 [info] Lock '/home/zjc/.vscode-server/data/User/workspaceStorage/87ab1919372c291cbc88815410f5e9ea/vscode.lock': Could not acquire lock, checking if the file is stale.
2023-08-05 14:55:16.275 [info] ExtensionService#_doActivateExtension vscode.git-base, startup: true, activationEvent: '*', root cause: vscode.git
2023-08-05 14:55:16.297 [info] ExtensionService#_doActivateExtension ms-vscode.cpptools, startup: true, activationEvent: 'workspaceContains:/.vscode/c_cpp_properties.json'
2023-08-05 14:55:16.701 [info] Lock '/home/zjc/.vscode-server/data/User/workspaceStorage/87ab1919372c291cbc88815410f5e9ea/vscode.lock': The pid 95 appears to be gone.
2023-08-05 14:55:16.701 [info] Lock '/home/zjc/.vscode-server/data/User/workspaceStorage/87ab1919372c291cbc88815410f5e9ea/vscode.lock': Deleting a stale lock.
2023-08-05 14:55:16.789 [info] Lock '/home/zjc/.vscode-server/data/User/workspaceStorage/87ab1919372c291cbc88815410f5e9ea/vscode.lock': Lock acquired.
2023-08-05 14:55:16.838 [info] ExtensionService#_doActivateExtension ms-vscode.makefile-tools, startup: true, activationEvent: 'workspaceContains:**/makefile,**/Makefile,**/GNUmakefile'
2023-08-05 14:55:16.973 [info] ExtensionService#_doActivateExtension vscode.git, startup: true, activationEvent: '*'
2023-08-05 14:55:16.973 [info] ExtensionService#_doActivateExtension vscode.github, startup: true, activationEvent: '*'
2023-08-05 14:55:17.444 [info] ExtensionService#_doActivateExtension vscode.extension-editing, startup: false, activationEvent: 'onLanguage:json'
2023-08-05 14:55:17.444 [info] ExtensionService#_doActivateExtension vscode.json-language-features, startup: false, activationEvent: 'onLanguage:json'
2023-08-05 14:55:17.445 [info] ExtensionService#_doActivateExtension vscode.npm, startup: false, activationEvent: 'onLanguage:json'
2023-08-05 14:55:17.445 [info] ExtensionService#_doActivateExtension vscode.emmet, startup: false, activationEvent: 'onLanguage'
2023-08-05 14:55:17.702 [info] ExtensionService#_doActivateExtension vscode.typescript-language-features, startup: false, activationEvent: 'onLanguage:jsonc'
2023-08-05 14:55:17.705 [info] Eager extensions activated
2023-08-05 14:55:17.705 [info] ExtensionService#_doActivateExtension vscode.debug-auto-launch, startup: false, activationEvent: 'onStartupFinished'
2023-08-05 14:55:17.706 [info] ExtensionService#_doActivateExtension vscode.merge-conflict, startup: false, activationEvent: 'onStartupFinished'
2023-08-05 15:57:04.086 [info] Extension host terminating: received terminate message from renderer
2023-08-05 15:57:04.087 [info] Lock '/home/zjc/.vscode-server/data/User/workspaceStorage/87ab1919372c291cbc88815410f5e9ea/vscode.lock': Marking the lockfile as scheduled to be released in 6000 ms.
2023-08-05 15:57:04.199 [error] Canceled: Canceled
	at new h (/home/zjc/.vscode-server/bin/6445d93c81ebe42c4cbd7a60712e0b17d9463e97/out/vs/workbench/api/node/extensionHostProcess.js:103:56634)
	at t.O (/home/zjc/.vscode-server/bin/6445d93c81ebe42c4cbd7a60712e0b17d9463e97/out/vs/workbench/api/node/extensionHostProcess.js:115:8020)
	at Proxy.N.<computed>.T.charCodeAt.N.<computed> (/home/zjc/.vscode-server/bin/6445d93c81ebe42c4cbd7a60712e0b17d9463e97/out/vs/workbench/api/node/extensionHostProcess.js:115:5459)
	at a.g (/home/zjc/.vscode-server/bin/6445d93c81ebe42c4cbd7a60712e0b17d9463e97/out/vs/workbench/api/node/extensionHostProcess.js:103:77241)
	at a.executeCommand (/home/zjc/.vscode-server/bin/6445d93c81ebe42c4cbd7a60712e0b17d9463e97/out/vs/workbench/api/node/extensionHostProcess.js:103:76679)
	at w.registerCommand.description (/home/zjc/.vscode-server/bin/6445d93c81ebe42c4cbd7a60712e0b17d9463e97/out/vs/workbench/api/node/extensionHostProcess.js:103:76000)
	at a.h (/home/zjc/.vscode-server/bin/6445d93c81ebe42c4cbd7a60712e0b17d9463e97/out/vs/workbench/api/node/extensionHostProcess.js:103:77777)
	at a.g (/home/zjc/.vscode-server/bin/6445d93c81ebe42c4cbd7a60712e0b17d9463e97/out/vs/workbench/api/node/extensionHostProcess.js:103:76772)
	at a.executeCommand (/home/zjc/.vscode-server/bin/6445d93c81ebe42c4cbd7a60712e0b17d9463e97/out/vs/workbench/api/node/extensionHostProcess.js:103:76679)
	at Object.executeCommand (/home/zjc/.vscode-server/bin/6445d93c81ebe42c4cbd7a60712e0b17d9463e97/out/vs/workbench/api/node/extensionHostProcess.js:121:20977)
	at r.D [as value] (/home/zjc/.vscode-server/bin/6445d93c81ebe42c4cbd7a60712e0b17d9463e97/extensions/git/dist/main.js:2:1261690)
	at f.w (/home/zjc/.vscode-server/bin/6445d93c81ebe42c4cbd7a60712e0b17d9463e97/out/vs/workbench/api/node/extensionHostProcess.js:63:1902)
	at f.x (/home/zjc/.vscode-server/bin/6445d93c81ebe42c4cbd7a60712e0b17d9463e97/out/vs/workbench/api/node/extensionHostProcess.js:63:1972)
	at fire (/home/zjc/.vscode-server/bin/6445d93c81ebe42c4cbd7a60712e0b17d9463e97/out/vs/workbench/api/node/extensionHostProcess.js:63:2188)
	at Object.m [as dispose] (/home/zjc/.vscode-server/bin/6445d93c81ebe42c4cbd7a60712e0b17d9463e97/extensions/git/dist/main.js:2:1277293)
	at /home/zjc/.vscode-server/bin/6445d93c81ebe42c4cbd7a60712e0b17d9463e97/extensions/git/dist/main.js:2:1282023
	at Array.forEach (<anonymous>)
	at g.dispose (/home/zjc/.vscode-server/bin/6445d93c81ebe42c4cbd7a60712e0b17d9463e97/extensions/git/dist/main.js:2:1282009)
	at p.<anonymous> (/home/zjc/.vscode-server/bin/6445d93c81ebe42c4cbd7a60712e0b17d9463e97/out/vs/workbench/api/node/extensionHostProcess.js:99:3381)
	at p.dispose (/home/zjc/.vscode-server/bin/6445d93c81ebe42c4cbd7a60712e0b17d9463e97/out/vs/workbench/api/node/extensionHostProcess.js:99:3478)
	at p.<anonymous> (/home/zjc/.vscode-server/bin/6445d93c81ebe42c4cbd7a60712e0b17d9463e97/extensions/git/dist/main.js:2:1263703)
	at p.dispose (/home/zjc/.vscode-server/bin/6445d93c81ebe42c4cbd7a60712e0b17d9463e97/out/vs/workbench/api/node/extensionHostProcess.js:99:3478)
	at S (/home/zjc/.vscode-server/bin/6445d93c81ebe42c4cbd7a60712e0b17d9463e97/out/vs/workbench/api/node/extensionHostProcess.js:13:11731)
	at r.Z (/home/zjc/.vscode-server/bin/6445d93c81ebe42c4cbd7a60712e0b17d9463e97/out/vs/workbench/api/node/extensionHostProcess.js:117:9686)
	at /home/zjc/.vscode-server/bin/6445d93c81ebe42c4cbd7a60712e0b17d9463e97/out/vs/workbench/api/node/extensionHostProcess.js:117:7582
	at Array.map (<anonymous>)
	at r.S (/home/zjc/.vscode-server/bin/6445d93c81ebe42c4cbd7a60712e0b17d9463e97/out/vs/workbench/api/node/extensionHostProcess.js:117:7570)
	at r.terminate (/home/zjc/.vscode-server/bin/6445d93c81ebe42c4cbd7a60712e0b17d9463e97/out/vs/workbench/api/node/extensionHostProcess.js:117:7842)
	at s.terminate (/home/zjc/.vscode-server/bin/6445d93c81ebe42c4cbd7a60712e0b17d9463e97/out/vs/workbench/api/node/extensionHostProcess.js:121:1506)
	at C (/home/zjc/.vscode-server/bin/6445d93c81ebe42c4cbd7a60712e0b17d9463e97/out/vs/workbench/api/node/extensionHostProcess.js:131:32254)
	at r.value (/home/zjc/.vscode-server/bin/6445d93c81ebe42c4cbd7a60712e0b17d9463e97/out/vs/workbench/api/node/extensionHostProcess.js:131:30301)
	at f.w (/home/zjc/.vscode-server/bin/6445d93c81ebe42c4cbd7a60712e0b17d9463e97/out/vs/workbench/api/node/extensionHostProcess.js:63:1902)
	at fire (/home/zjc/.vscode-server/bin/6445d93c81ebe42c4cbd7a60712e0b17d9463e97/out/vs/workbench/api/node/extensionHostProcess.js:63:2119)
	at y.fire (/home/zjc/.vscode-server/bin/6445d93c81ebe42c4cbd7a60712e0b17d9463e97/out/vs/workbench/api/node/extensionHostProcess.js:79:13931)
	at n.z (/home/zjc/.vscode-server/bin/6445d93c81ebe42c4cbd7a60712e0b17d9463e97/out/vs/workbench/api/node/extensionHostProcess.js:79:16996)
	at r.value (/home/zjc/.vscode-server/bin/6445d93c81ebe42c4cbd7a60712e0b17d9463e97/out/vs/workbench/api/node/extensionHostProcess.js:79:15448)
	at f.w (/home/zjc/.vscode-server/bin/6445d93c81ebe42c4cbd7a60712e0b17d9463e97/out/vs/workbench/api/node/extensionHostProcess.js:63:1902)
	at fire (/home/zjc/.vscode-server/bin/6445d93c81ebe42c4cbd7a60712e0b17d9463e97/out/vs/workbench/api/node/extensionHostProcess.js:63:2119)
	at r.acceptChunk (/home/zjc/.vscode-server/bin/6445d93c81ebe42c4cbd7a60712e0b17d9463e97/out/vs/workbench/api/node/extensionHostProcess.js:79:11705)
	at r.value (/home/zjc/.vscode-server/bin/6445d93c81ebe42c4cbd7a60712e0b17d9463e97/out/vs/workbench/api/node/extensionHostProcess.js:79:10992)
	at f.w (/home/zjc/.vscode-server/bin/6445d93c81ebe42c4cbd7a60712e0b17d9463e97/out/vs/workbench/api/node/extensionHostProcess.js:63:1902)
	at fire (/home/zjc/.vscode-server/bin/6445d93c81ebe42c4cbd7a60712e0b17d9463e97/out/vs/workbench/api/node/extensionHostProcess.js:63:2119)
	at f.u (/home/zjc/.vscode-server/bin/6445d93c81ebe42c4cbd7a60712e0b17d9463e97/out/vs/workbench/api/node/extensionHostProcess.js:131:19097)
	at f.acceptFrame (/home/zjc/.vscode-server/bin/6445d93c81ebe42c4cbd7a60712e0b17d9463e97/out/vs/workbench/api/node/extensionHostProcess.js:131:18903)
	at c.l (/home/zjc/.vscode-server/bin/6445d93c81ebe42c4cbd7a60712e0b17d9463e97/out/vs/workbench/api/node/extensionHostProcess.js:131:17536)
	at /home/zjc/.vscode-server/bin/6445d93c81ebe42c4cbd7a60712e0b17d9463e97/out/vs/workbench/api/node/extensionHostProcess.js:131:14883
	at Socket.v (/home/zjc/.vscode-server/bin/6445d93c81ebe42c4cbd7a60712e0b17d9463e97/out/vs/workbench/api/node/extensionHostProcess.js:131:12797)
	at Socket.emit (node:events:513:28)
	at addChunk (node:internal/streams/readable:315:12)
	at readableAddChunk (node:internal/streams/readable:289:9)
	at Socket.Readable.push (node:internal/streams/readable:228:10)
	at TCP.onStreamRead (node:internal/stream_base_commons:190:23) setContext undefined
2023-08-05 15:57:04.199 [error] Canceled: Canceled
	at new h (/home/zjc/.vscode-server/bin/6445d93c81ebe42c4cbd7a60712e0b17d9463e97/out/vs/workbench/api/node/extensionHostProcess.js:103:56634)
	at t.O (/home/zjc/.vscode-server/bin/6445d93c81ebe42c4cbd7a60712e0b17d9463e97/out/vs/workbench/api/node/extensionHostProcess.js:115:8020)
	at Proxy.N.<computed>.T.charCodeAt.N.<computed> (/home/zjc/.vscode-server/bin/6445d93c81ebe42c4cbd7a60712e0b17d9463e97/out/vs/workbench/api/node/extensionHostProcess.js:115:5459)
	at a.g (/home/zjc/.vscode-server/bin/6445d93c81ebe42c4cbd7a60712e0b17d9463e97/out/vs/workbench/api/node/extensionHostProcess.js:103:77241)
	at a.executeCommand (/home/zjc/.vscode-server/bin/6445d93c81ebe42c4cbd7a60712e0b17d9463e97/out/vs/workbench/api/node/extensionHostProcess.js:103:76679)
	at w.registerCommand.description (/home/zjc/.vscode-server/bin/6445d93c81ebe42c4cbd7a60712e0b17d9463e97/out/vs/workbench/api/node/extensionHostProcess.js:103:76000)
	at a.h (/home/zjc/.vscode-server/bin/6445d93c81ebe42c4cbd7a60712e0b17d9463e97/out/vs/workbench/api/node/extensionHostProcess.js:103:77777)
	at a.g (/home/zjc/.vscode-server/bin/6445d93c81ebe42c4cbd7a60712e0b17d9463e97/out/vs/workbench/api/node/extensionHostProcess.js:103:76772)
	at a.executeCommand (/home/zjc/.vscode-server/bin/6445d93c81ebe42c4cbd7a60712e0b17d9463e97/out/vs/workbench/api/node/extensionHostProcess.js:103:76679)
	at Object.executeCommand (/home/zjc/.vscode-server/bin/6445d93c81ebe42c4cbd7a60712e0b17d9463e97/out/vs/workbench/api/node/extensionHostProcess.js:121:20977)
	at t.$ve.set b [as b] (/home/zjc/.vscode-server/bin/6445d93c81ebe42c4cbd7a60712e0b17d9463e97/extensions/github/dist/extension.js:2:676183)
	at /home/zjc/.vscode-server/bin/6445d93c81ebe42c4cbd7a60712e0b17d9463e97/extensions/github/dist/extension.js:2:676827
	at r.value (/home/zjc/.vscode-server/bin/6445d93c81ebe42c4cbd7a60712e0b17d9463e97/extensions/git/dist/main.js:2:1349176)
	at f.w (/home/zjc/.vscode-server/bin/6445d93c81ebe42c4cbd7a60712e0b17d9463e97/out/vs/workbench/api/node/extensionHostProcess.js:63:1902)
	at f.x (/home/zjc/.vscode-server/bin/6445d93c81ebe42c4cbd7a60712e0b17d9463e97/out/vs/workbench/api/node/extensionHostProcess.js:63:1972)
	at fire (/home/zjc/.vscode-server/bin/6445d93c81ebe42c4cbd7a60712e0b17d9463e97/out/vs/workbench/api/node/extensionHostProcess.js:63:2188)
	at Object.m [as dispose] (/home/zjc/.vscode-server/bin/6445d93c81ebe42c4cbd7a60712e0b17d9463e97/extensions/git/dist/main.js:2:1277293)
	at /home/zjc/.vscode-server/bin/6445d93c81ebe42c4cbd7a60712e0b17d9463e97/extensions/git/dist/main.js:2:1282023
	at Array.forEach (<anonymous>)
	at g.dispose (/home/zjc/.vscode-server/bin/6445d93c81ebe42c4cbd7a60712e0b17d9463e97/extensions/git/dist/main.js:2:1282009)
	at p.<anonymous> (/home/zjc/.vscode-server/bin/6445d93c81ebe42c4cbd7a60712e0b17d9463e97/out/vs/workbench/api/node/extensionHostProcess.js:99:3381)
	at p.dispose (/home/zjc/.vscode-server/bin/6445d93c81ebe42c4cbd7a60712e0b17d9463e97/out/vs/workbench/api/node/extensionHostProcess.js:99:3478)
	at p.<anonymous> (/home/zjc/.vscode-server/bin/6445d93c81ebe42c4cbd7a60712e0b17d9463e97/extensions/git/dist/main.js:2:1263703)
	at p.dispose (/home/zjc/.vscode-server/bin/6445d93c81ebe42c4cbd7a60712e0b17d9463e97/out/vs/workbench/api/node/extensionHostProcess.js:99:3478)
	at S (/home/zjc/.vscode-server/bin/6445d93c81ebe42c4cbd7a60712e0b17d9463e97/out/vs/workbench/api/node/extensionHostProcess.js:13:11731)
	at r.Z (/home/zjc/.vscode-server/bin/6445d93c81ebe42c4cbd7a60712e0b17d9463e97/out/vs/workbench/api/node/extensionHostProcess.js:117:9686)
	at /home/zjc/.vscode-server/bin/6445d93c81ebe42c4cbd7a60712e0b17d9463e97/out/vs/workbench/api/node/extensionHostProcess.js:117:7582
	at Array.map (<anonymous>)
	at r.S (/home/zjc/.vscode-server/bin/6445d93c81ebe42c4cbd7a60712e0b17d9463e97/out/vs/workbench/api/node/extensionHostProcess.js:117:7570)
	at r.terminate (/home/zjc/.vscode-server/bin/6445d93c81ebe42c4cbd7a60712e0b17d9463e97/out/vs/workbench/api/node/extensionHostProcess.js:117:7842)
	at s.terminate (/home/zjc/.vscode-server/bin/6445d93c81ebe42c4cbd7a60712e0b17d9463e97/out/vs/workbench/api/node/extensionHostProcess.js:121:1506)
	at C (/home/zjc/.vscode-server/bin/6445d93c81ebe42c4cbd7a60712e0b17d9463e97/out/vs/workbench/api/node/extensionHostProcess.js:131:32254)
	at r.value (/home/zjc/.vscode-server/bin/6445d93c81ebe42c4cbd7a60712e0b17d9463e97/out/vs/workbench/api/node/extensionHostProcess.js:131:30301)
	at f.w (/home/zjc/.vscode-server/bin/6445d93c81ebe42c4cbd7a60712e0b17d9463e97/out/vs/workbench/api/node/extensionHostProcess.js:63:1902)
	at fire (/home/zjc/.vscode-server/bin/6445d93c81ebe42c4cbd7a60712e0b17d9463e97/out/vs/workbench/api/node/extensionHostProcess.js:63:2119)
	at y.fire (/home/zjc/.vscode-server/bin/6445d93c81ebe42c4cbd7a60712e0b17d9463e97/out/vs/workbench/api/node/extensionHostProcess.js:79:13931)
	at n.z (/home/zjc/.vscode-server/bin/6445d93c81ebe42c4cbd7a60712e0b17d9463e97/out/vs/workbench/api/node/extensionHostProcess.js:79:16996)
	at r.value (/home/zjc/.vscode-server/bin/6445d93c81ebe42c4cbd7a60712e0b17d9463e97/out/vs/workbench/api/node/extensionHostProcess.js:79:15448)
	at f.w (/home/zjc/.vscode-server/bin/6445d93c81ebe42c4cbd7a60712e0b17d9463e97/out/vs/workbench/api/node/extensionHostProcess.js:63:1902)
	at fire (/home/zjc/.vscode-server/bin/6445d93c81ebe42c4cbd7a60712e0b17d9463e97/out/vs/workbench/api/node/extensionHostProcess.js:63:2119)
	at r.acceptChunk (/home/zjc/.vscode-server/bin/6445d93c81ebe42c4cbd7a60712e0b17d9463e97/out/vs/workbench/api/node/extensionHostProcess.js:79:11705)
	at r.value (/home/zjc/.vscode-server/bin/6445d93c81ebe42c4cbd7a60712e0b17d9463e97/out/vs/workbench/api/node/extensionHostProcess.js:79:10992)
	at f.w (/home/zjc/.vscode-server/bin/6445d93c81ebe42c4cbd7a60712e0b17d9463e97/out/vs/workbench/api/node/extensionHostProcess.js:63:1902)
	at fire (/home/zjc/.vscode-server/bin/6445d93c81ebe42c4cbd7a60712e0b17d9463e97/out/vs/workbench/api/node/extensionHostProcess.js:63:2119)
	at f.u (/home/zjc/.vscode-server/bin/6445d93c81ebe42c4cbd7a60712e0b17d9463e97/out/vs/workbench/api/node/extensionHostProcess.js:131:19097)
	at f.acceptFrame (/home/zjc/.vscode-server/bin/6445d93c81ebe42c4cbd7a60712e0b17d9463e97/out/vs/workbench/api/node/extensionHostProcess.js:131:18903)
	at c.l (/home/zjc/.vscode-server/bin/6445d93c81ebe42c4cbd7a60712e0b17d9463e97/out/vs/workbench/api/node/extensionHostProcess.js:131:17536)
	at /home/zjc/.vscode-server/bin/6445d93c81ebe42c4cbd7a60712e0b17d9463e97/out/vs/workbench/api/node/extensionHostProcess.js:131:14883
	at Socket.v (/home/zjc/.vscode-server/bin/6445d93c81ebe42c4cbd7a60712e0b17d9463e97/out/vs/workbench/api/node/extensionHostProcess.js:131:12797)
	at Socket.emit (node:events:513:28)
	at addChunk (node:internal/streams/readable:315:12)
	at readableAddChunk (node:internal/streams/readable:289:9)
	at Socket.Readable.push (node:internal/streams/readable:228:10)
	at TCP.onStreamRead (node:internal/stream_base_commons:190:23) setContext undefined
2023-08-05 15:57:04.199 [error] Canceled: Canceled
	at new h (/home/zjc/.vscode-server/bin/6445d93c81ebe42c4cbd7a60712e0b17d9463e97/out/vs/workbench/api/node/extensionHostProcess.js:103:56634)
	at t.O (/home/zjc/.vscode-server/bin/6445d93c81ebe42c4cbd7a60712e0b17d9463e97/out/vs/workbench/api/node/extensionHostProcess.js:115:8020)
	at Proxy.N.<computed>.T.charCodeAt.N.<computed> (/home/zjc/.vscode-server/bin/6445d93c81ebe42c4cbd7a60712e0b17d9463e97/out/vs/workbench/api/node/extensionHostProcess.js:115:5459)
	at a.g (/home/zjc/.vscode-server/bin/6445d93c81ebe42c4cbd7a60712e0b17d9463e97/out/vs/workbench/api/node/extensionHostProcess.js:103:77241)
	at a.executeCommand (/home/zjc/.vscode-server/bin/6445d93c81ebe42c4cbd7a60712e0b17d9463e97/out/vs/workbench/api/node/extensionHostProcess.js:103:76679)
	at w.registerCommand.description (/home/zjc/.vscode-server/bin/6445d93c81ebe42c4cbd7a60712e0b17d9463e97/out/vs/workbench/api/node/extensionHostProcess.js:103:76000)
	at a.h (/home/zjc/.vscode-server/bin/6445d93c81ebe42c4cbd7a60712e0b17d9463e97/out/vs/workbench/api/node/extensionHostProcess.js:103:77777)
	at a.g (/home/zjc/.vscode-server/bin/6445d93c81ebe42c4cbd7a60712e0b17d9463e97/out/vs/workbench/api/node/extensionHostProcess.js:103:76772)
	at a.executeCommand (/home/zjc/.vscode-server/bin/6445d93c81ebe42c4cbd7a60712e0b17d9463e97/out/vs/workbench/api/node/extensionHostProcess.js:103:76679)
	at Object.executeCommand (/home/zjc/.vscode-server/bin/6445d93c81ebe42c4cbd7a60712e0b17d9463e97/out/vs/workbench/api/node/extensionHostProcess.js:121:20977)
	at r.D [as value] (/home/zjc/.vscode-server/bin/6445d93c81ebe42c4cbd7a60712e0b17d9463e97/extensions/git/dist/main.js:2:1261690)
	at f.w (/home/zjc/.vscode-server/bin/6445d93c81ebe42c4cbd7a60712e0b17d9463e97/out/vs/workbench/api/node/extensionHostProcess.js:63:1902)
	at f.x (/home/zjc/.vscode-server/bin/6445d93c81ebe42c4cbd7a60712e0b17d9463e97/out/vs/workbench/api/node/extensionHostProcess.js:63:1972)
	at fire (/home/zjc/.vscode-server/bin/6445d93c81ebe42c4cbd7a60712e0b17d9463e97/out/vs/workbench/api/node/extensionHostProcess.js:63:2188)
	at Object.m [as dispose] (/home/zjc/.vscode-server/bin/6445d93c81ebe42c4cbd7a60712e0b17d9463e97/extensions/git/dist/main.js:2:1277293)
	at /home/zjc/.vscode-server/bin/6445d93c81ebe42c4cbd7a60712e0b17d9463e97/extensions/git/dist/main.js:2:1282023
	at Array.forEach (<anonymous>)
	at g.dispose (/home/zjc/.vscode-server/bin/6445d93c81ebe42c4cbd7a60712e0b17d9463e97/extensions/git/dist/main.js:2:1282009)
	at p.<anonymous> (/home/zjc/.vscode-server/bin/6445d93c81ebe42c4cbd7a60712e0b17d9463e97/out/vs/workbench/api/node/extensionHostProcess.js:99:3381)
	at p.dispose (/home/zjc/.vscode-server/bin/6445d93c81ebe42c4cbd7a60712e0b17d9463e97/out/vs/workbench/api/node/extensionHostProcess.js:99:3478)
	at p.<anonymous> (/home/zjc/.vscode-server/bin/6445d93c81ebe42c4cbd7a60712e0b17d9463e97/extensions/git/dist/main.js:2:1263703)
	at p.dispose (/home/zjc/.vscode-server/bin/6445d93c81ebe42c4cbd7a60712e0b17d9463e97/out/vs/workbench/api/node/extensionHostProcess.js:99:3478)
	at S (/home/zjc/.vscode-server/bin/6445d93c81ebe42c4cbd7a60712e0b17d9463e97/out/vs/workbench/api/node/extensionHostProcess.js:13:11731)
	at r.Z (/home/zjc/.vscode-server/bin/6445d93c81ebe42c4cbd7a60712e0b17d9463e97/out/vs/workbench/api/node/extensionHostProcess.js:117:9686)
	at /home/zjc/.vscode-server/bin/6445d93c81ebe42c4cbd7a60712e0b17d9463e97/out/vs/workbench/api/node/extensionHostProcess.js:117:7582
	at Array.map (<anonymous>)
	at r.S (/home/zjc/.vscode-server/bin/6445d93c81ebe42c4cbd7a60712e0b17d9463e97/out/vs/workbench/api/node/extensionHostProcess.js:117:7570)
	at r.terminate (/home/zjc/.vscode-server/bin/6445d93c81ebe42c4cbd7a60712e0b17d9463e97/out/vs/workbench/api/node/extensionHostProcess.js:117:7842)
	at s.terminate (/home/zjc/.vscode-server/bin/6445d93c81ebe42c4cbd7a60712e0b17d9463e97/out/vs/workbench/api/node/extensionHostProcess.js:121:1506)
	at C (/home/zjc/.vscode-server/bin/6445d93c81ebe42c4cbd7a60712e0b17d9463e97/out/vs/workbench/api/node/extensionHostProcess.js:131:32254)
	at r.value (/home/zjc/.vscode-server/bin/6445d93c81ebe42c4cbd7a60712e0b17d9463e97/out/vs/workbench/api/node/extensionHostProcess.js:131:30301)
	at f.w (/home/zjc/.vscode-server/bin/6445d93c81ebe42c4cbd7a60712e0b17d9463e97/out/vs/workbench/api/node/extensionHostProcess.js:63:1902)
	at fire (/home/zjc/.vscode-server/bin/6445d93c81ebe42c4cbd7a60712e0b17d9463e97/out/vs/workbench/api/node/extensionHostProcess.js:63:2119)
	at y.fire (/home/zjc/.vscode-server/bin/6445d93c81ebe42c4cbd7a60712e0b17d9463e97/out/vs/workbench/api/node/extensionHostProcess.js:79:13931)
	at n.z (/home/zjc/.vscode-server/bin/6445d93c81ebe42c4cbd7a60712e0b17d9463e97/out/vs/workbench/api/node/extensionHostProcess.js:79:16996)
	at r.value (/home/zjc/.vscode-server/bin/6445d93c81ebe42c4cbd7a60712e0b17d9463e97/out/vs/workbench/api/node/extensionHostProcess.js:79:15448)
	at f.w (/home/zjc/.vscode-server/bin/6445d93c81ebe42c4cbd7a60712e0b17d9463e97/out/vs/workbench/api/node/extensionHostProcess.js:63:1902)
	at fire (/home/zjc/.vscode-server/bin/6445d93c81ebe42c4cbd7a60712e0b17d9463e97/out/vs/workbench/api/node/extensionHostProcess.js:63:2119)
	at r.acceptChunk (/home/zjc/.vscode-server/bin/6445d93c81ebe42c4cbd7a60712e0b17d9463e97/out/vs/workbench/api/node/extensionHostProcess.js:79:11705)
	at r.value (/home/zjc/.vscode-server/bin/6445d93c81ebe42c4cbd7a60712e0b17d9463e97/out/vs/workbench/api/node/extensionHostProcess.js:79:10992)
	at f.w (/home/zjc/.vscode-server/bin/6445d93c81ebe42c4cbd7a60712e0b17d9463e97/out/vs/workbench/api/node/extensionHostProcess.js:63:1902)
	at fire (/home/zjc/.vscode-server/bin/6445d93c81ebe42c4cbd7a60712e0b17d9463e97/out/vs/workbench/api/node/extensionHostProcess.js:63:2119)
	at f.u (/home/zjc/.vscode-server/bin/6445d93c81ebe42c4cbd7a60712e0b17d9463e97/out/vs/workbench/api/node/extensionHostProcess.js:131:19097)
	at f.acceptFrame (/home/zjc/.vscode-server/bin/6445d93c81ebe42c4cbd7a60712e0b17d9463e97/out/vs/workbench/api/node/extensionHostProcess.js:131:18903)
	at c.l (/home/zjc/.vscode-server/bin/6445d93c81ebe42c4cbd7a60712e0b17d9463e97/out/vs/workbench/api/node/extensionHostProcess.js:131:17536)
	at /home/zjc/.vscode-server/bin/6445d93c81ebe42c4cbd7a60712e0b17d9463e97/out/vs/workbench/api/node/extensionHostProcess.js:131:14883
	at Socket.v (/home/zjc/.vscode-server/bin/6445d93c81ebe42c4cbd7a60712e0b17d9463e97/out/vs/workbench/api/node/extensionHostProcess.js:131:12797)
	at Socket.emit (node:events:513:28)
	at addChunk (node:internal/streams/readable:315:12)
	at readableAddChunk (node:internal/streams/readable:289:9)
	at Socket.Readable.push (node:internal/streams/readable:228:10)
	at TCP.onStreamRead (node:internal/stream_base_commons:190:23) setContext undefined
2023-08-05 15:57:04.200 [error] Canceled: Canceled
	at new h (/home/zjc/.vscode-server/bin/6445d93c81ebe42c4cbd7a60712e0b17d9463e97/out/vs/workbench/api/node/extensionHostProcess.js:103:56634)
	at t.O (/home/zjc/.vscode-server/bin/6445d93c81ebe42c4cbd7a60712e0b17d9463e97/out/vs/workbench/api/node/extensionHostProcess.js:115:8020)
	at Proxy.N.<computed>.T.charCodeAt.N.<computed> (/home/zjc/.vscode-server/bin/6445d93c81ebe42c4cbd7a60712e0b17d9463e97/out/vs/workbench/api/node/extensionHostProcess.js:115:5459)
	at a.g (/home/zjc/.vscode-server/bin/6445d93c81ebe42c4cbd7a60712e0b17d9463e97/out/vs/workbench/api/node/extensionHostProcess.js:103:77241)
	at a.executeCommand (/home/zjc/.vscode-server/bin/6445d93c81ebe42c4cbd7a60712e0b17d9463e97/out/vs/workbench/api/node/extensionHostProcess.js:103:76679)
	at w.registerCommand.description (/home/zjc/.vscode-server/bin/6445d93c81ebe42c4cbd7a60712e0b17d9463e97/out/vs/workbench/api/node/extensionHostProcess.js:103:76000)
	at a.h (/home/zjc/.vscode-server/bin/6445d93c81ebe42c4cbd7a60712e0b17d9463e97/out/vs/workbench/api/node/extensionHostProcess.js:103:77777)
	at a.g (/home/zjc/.vscode-server/bin/6445d93c81ebe42c4cbd7a60712e0b17d9463e97/out/vs/workbench/api/node/extensionHostProcess.js:103:76772)
	at a.executeCommand (/home/zjc/.vscode-server/bin/6445d93c81ebe42c4cbd7a60712e0b17d9463e97/out/vs/workbench/api/node/extensionHostProcess.js:103:76679)
	at Object.executeCommand (/home/zjc/.vscode-server/bin/6445d93c81ebe42c4cbd7a60712e0b17d9463e97/out/vs/workbench/api/node/extensionHostProcess.js:121:20977)
	at t.$ve.set b [as b] (/home/zjc/.vscode-server/bin/6445d93c81ebe42c4cbd7a60712e0b17d9463e97/extensions/github/dist/extension.js:2:676183)
	at /home/zjc/.vscode-server/bin/6445d93c81ebe42c4cbd7a60712e0b17d9463e97/extensions/github/dist/extension.js:2:676827
	at r.value (/home/zjc/.vscode-server/bin/6445d93c81ebe42c4cbd7a60712e0b17d9463e97/extensions/git/dist/main.js:2:1349176)
	at f.w (/home/zjc/.vscode-server/bin/6445d93c81ebe42c4cbd7a60712e0b17d9463e97/out/vs/workbench/api/node/extensionHostProcess.js:63:1902)
	at f.x (/home/zjc/.vscode-server/bin/6445d93c81ebe42c4cbd7a60712e0b17d9463e97/out/vs/workbench/api/node/extensionHostProcess.js:63:1972)
	at fire (/home/zjc/.vscode-server/bin/6445d93c81ebe42c4cbd7a60712e0b17d9463e97/out/vs/workbench/api/node/extensionHostProcess.js:63:2188)
	at Object.m [as dispose] (/home/zjc/.vscode-server/bin/6445d93c81ebe42c4cbd7a60712e0b17d9463e97/extensions/git/dist/main.js:2:1277293)
	at /home/zjc/.vscode-server/bin/6445d93c81ebe42c4cbd7a60712e0b17d9463e97/extensions/git/dist/main.js:2:1282023
	at Array.forEach (<anonymous>)
	at g.dispose (/home/zjc/.vscode-server/bin/6445d93c81ebe42c4cbd7a60712e0b17d9463e97/extensions/git/dist/main.js:2:1282009)
	at p.<anonymous> (/home/zjc/.vscode-server/bin/6445d93c81ebe42c4cbd7a60712e0b17d9463e97/out/vs/workbench/api/node/extensionHostProcess.js:99:3381)
	at p.dispose (/home/zjc/.vscode-server/bin/6445d93c81ebe42c4cbd7a60712e0b17d9463e97/out/vs/workbench/api/node/extensionHostProcess.js:99:3478)
	at p.<anonymous> (/home/zjc/.vscode-server/bin/6445d93c81ebe42c4cbd7a60712e0b17d9463e97/extensions/git/dist/main.js:2:1263703)
	at p.dispose (/home/zjc/.vscode-server/bin/6445d93c81ebe42c4cbd7a60712e0b17d9463e97/out/vs/workbench/api/node/extensionHostProcess.js:99:3478)
	at S (/home/zjc/.vscode-server/bin/6445d93c81ebe42c4cbd7a60712e0b17d9463e97/out/vs/workbench/api/node/extensionHostProcess.js:13:11731)
	at r.Z (/home/zjc/.vscode-server/bin/6445d93c81ebe42c4cbd7a60712e0b17d9463e97/out/vs/workbench/api/node/extensionHostProcess.js:117:9686)
	at /home/zjc/.vscode-server/bin/6445d93c81ebe42c4cbd7a60712e0b17d9463e97/out/vs/workbench/api/node/extensionHostProcess.js:117:7582
	at Array.map (<anonymous>)
	at r.S (/home/zjc/.vscode-server/bin/6445d93c81ebe42c4cbd7a60712e0b17d9463e97/out/vs/workbench/api/node/extensionHostProcess.js:117:7570)
	at r.terminate (/home/zjc/.vscode-server/bin/6445d93c81ebe42c4cbd7a60712e0b17d9463e97/out/vs/workbench/api/node/extensionHostProcess.js:117:7842)
	at s.terminate (/home/zjc/.vscode-server/bin/6445d93c81ebe42c4cbd7a60712e0b17d9463e97/out/vs/workbench/api/node/extensionHostProcess.js:121:1506)
	at C (/home/zjc/.vscode-server/bin/6445d93c81ebe42c4cbd7a60712e0b17d9463e97/out/vs/workbench/api/node/extensionHostProcess.js:131:32254)
	at r.value (/home/zjc/.vscode-server/bin/6445d93c81ebe42c4cbd7a60712e0b17d9463e97/out/vs/workbench/api/node/extensionHostProcess.js:131:30301)
	at f.w (/home/zjc/.vscode-server/bin/6445d93c81ebe42c4cbd7a60712e0b17d9463e97/out/vs/workbench/api/node/extensionHostProcess.js:63:1902)
	at fire (/home/zjc/.vscode-server/bin/6445d93c81ebe42c4cbd7a60712e0b17d9463e97/out/vs/workbench/api/node/extensionHostProcess.js:63:2119)
	at y.fire (/home/zjc/.vscode-server/bin/6445d93c81ebe42c4cbd7a60712e0b17d9463e97/out/vs/workbench/api/node/extensionHostProcess.js:79:13931)
	at n.z (/home/zjc/.vscode-server/bin/6445d93c81ebe42c4cbd7a60712e0b17d9463e97/out/vs/workbench/api/node/extensionHostProcess.js:79:16996)
	at r.value (/home/zjc/.vscode-server/bin/6445d93c81ebe42c4cbd7a60712e0b17d9463e97/out/vs/workbench/api/node/extensionHostProcess.js:79:15448)
	at f.w (/home/zjc/.vscode-server/bin/6445d93c81ebe42c4cbd7a60712e0b17d9463e97/out/vs/workbench/api/node/extensionHostProcess.js:63:1902)
	at fire (/home/zjc/.vscode-server/bin/6445d93c81ebe42c4cbd7a60712e0b17d9463e97/out/vs/workbench/api/node/extensionHostProcess.js:63:2119)
	at r.acceptChunk (/home/zjc/.vscode-server/bin/6445d93c81ebe42c4cbd7a60712e0b17d9463e97/out/vs/workbench/api/node/extensionHostProcess.js:79:11705)
	at r.value (/home/zjc/.vscode-server/bin/6445d93c81ebe42c4cbd7a60712e0b17d9463e97/out/vs/workbench/api/node/extensionHostProcess.js:79:10992)
	at f.w (/home/zjc/.vscode-server/bin/6445d93c81ebe42c4cbd7a60712e0b17d9463e97/out/vs/workbench/api/node/extensionHostProcess.js:63:1902)
	at fire (/home/zjc/.vscode-server/bin/6445d93c81ebe42c4cbd7a60712e0b17d9463e97/out/vs/workbench/api/node/extensionHostProcess.js:63:2119)
	at f.u (/home/zjc/.vscode-server/bin/6445d93c81ebe42c4cbd7a60712e0b17d9463e97/out/vs/workbench/api/node/extensionHostProcess.js:131:19097)
	at f.acceptFrame (/home/zjc/.vscode-server/bin/6445d93c81ebe42c4cbd7a60712e0b17d9463e97/out/vs/workbench/api/node/extensionHostProcess.js:131:18903)
	at c.l (/home/zjc/.vscode-server/bin/6445d93c81ebe42c4cbd7a60712e0b17d9463e97/out/vs/workbench/api/node/extensionHostProcess.js:131:17536)
	at /home/zjc/.vscode-server/bin/6445d93c81ebe42c4cbd7a60712e0b17d9463e97/out/vs/workbench/api/node/extensionHostProcess.js:131:14883
	at Socket.v (/home/zjc/.vscode-server/bin/6445d93c81ebe42c4cbd7a60712e0b17d9463e97/out/vs/workbench/api/node/extensionHostProcess.js:131:12797)
	at Socket.emit (node:events:513:28)
	at addChunk (node:internal/streams/readable:315:12)
	at readableAddChunk (node:internal/streams/readable:289:9)
	at Socket.Readable.push (node:internal/streams/readable:228:10)
	at TCP.onStreamRead (node:internal/stream_base_commons:190:23) setContext undefined
2023-08-05 15:57:04.200 [error] Canceled: Canceled
	at new h (/home/zjc/.vscode-server/bin/6445d93c81ebe42c4cbd7a60712e0b17d9463e97/out/vs/workbench/api/node/extensionHostProcess.js:103:56634)
	at t.O (/home/zjc/.vscode-server/bin/6445d93c81ebe42c4cbd7a60712e0b17d9463e97/out/vs/workbench/api/node/extensionHostProcess.js:115:8020)
	at Proxy.N.<computed>.T.charCodeAt.N.<computed> (/home/zjc/.vscode-server/bin/6445d93c81ebe42c4cbd7a60712e0b17d9463e97/out/vs/workbench/api/node/extensionHostProcess.js:115:5459)
	at a.g (/home/zjc/.vscode-server/bin/6445d93c81ebe42c4cbd7a60712e0b17d9463e97/out/vs/workbench/api/node/extensionHostProcess.js:103:77241)
	at a.executeCommand (/home/zjc/.vscode-server/bin/6445d93c81ebe42c4cbd7a60712e0b17d9463e97/out/vs/workbench/api/node/extensionHostProcess.js:103:76679)
	at w.registerCommand.description (/home/zjc/.vscode-server/bin/6445d93c81ebe42c4cbd7a60712e0b17d9463e97/out/vs/workbench/api/node/extensionHostProcess.js:103:76000)
	at a.h (/home/zjc/.vscode-server/bin/6445d93c81ebe42c4cbd7a60712e0b17d9463e97/out/vs/workbench/api/node/extensionHostProcess.js:103:77777)
	at a.g (/home/zjc/.vscode-server/bin/6445d93c81ebe42c4cbd7a60712e0b17d9463e97/out/vs/workbench/api/node/extensionHostProcess.js:103:76772)
	at a.executeCommand (/home/zjc/.vscode-server/bin/6445d93c81ebe42c4cbd7a60712e0b17d9463e97/out/vs/workbench/api/node/extensionHostProcess.js:103:76679)
	at Object.executeCommand (/home/zjc/.vscode-server/bin/6445d93c81ebe42c4cbd7a60712e0b17d9463e97/out/vs/workbench/api/node/extensionHostProcess.js:121:20977)
	at r.D [as value] (/home/zjc/.vscode-server/bin/6445d93c81ebe42c4cbd7a60712e0b17d9463e97/extensions/git/dist/main.js:2:1261690)
	at f.w (/home/zjc/.vscode-server/bin/6445d93c81ebe42c4cbd7a60712e0b17d9463e97/out/vs/workbench/api/node/extensionHostProcess.js:63:1902)
	at f.x (/home/zjc/.vscode-server/bin/6445d93c81ebe42c4cbd7a60712e0b17d9463e97/out/vs/workbench/api/node/extensionHostProcess.js:63:1972)
	at fire (/home/zjc/.vscode-server/bin/6445d93c81ebe42c4cbd7a60712e0b17d9463e97/out/vs/workbench/api/node/extensionHostProcess.js:63:2188)
	at Object.m [as dispose] (/home/zjc/.vscode-server/bin/6445d93c81ebe42c4cbd7a60712e0b17d9463e97/extensions/git/dist/main.js:2:1277293)
	at /home/zjc/.vscode-server/bin/6445d93c81ebe42c4cbd7a60712e0b17d9463e97/extensions/git/dist/main.js:2:1282023
	at Array.forEach (<anonymous>)
	at g.dispose (/home/zjc/.vscode-server/bin/6445d93c81ebe42c4cbd7a60712e0b17d9463e97/extensions/git/dist/main.js:2:1282009)
	at p.<anonymous> (/home/zjc/.vscode-server/bin/6445d93c81ebe42c4cbd7a60712e0b17d9463e97/out/vs/workbench/api/node/extensionHostProcess.js:99:3381)
	at p.dispose (/home/zjc/.vscode-server/bin/6445d93c81ebe42c4cbd7a60712e0b17d9463e97/out/vs/workbench/api/node/extensionHostProcess.js:99:3478)
	at p.<anonymous> (/home/zjc/.vscode-server/bin/6445d93c81ebe42c4cbd7a60712e0b17d9463e97/extensions/git/dist/main.js:2:1263703)
	at p.dispose (/home/zjc/.vscode-server/bin/6445d93c81ebe42c4cbd7a60712e0b17d9463e97/out/vs/workbench/api/node/extensionHostProcess.js:99:3478)
	at S (/home/zjc/.vscode-server/bin/6445d93c81ebe42c4cbd7a60712e0b17d9463e97/out/vs/workbench/api/node/extensionHostProcess.js:13:11731)
	at r.Z (/home/zjc/.vscode-server/bin/6445d93c81ebe42c4cbd7a60712e0b17d9463e97/out/vs/workbench/api/node/extensionHostProcess.js:117:9686)
	at /home/zjc/.vscode-server/bin/6445d93c81ebe42c4cbd7a60712e0b17d9463e97/out/vs/workbench/api/node/extensionHostProcess.js:117:7582
	at Array.map (<anonymous>)
	at r.S (/home/zjc/.vscode-server/bin/6445d93c81ebe42c4cbd7a60712e0b17d9463e97/out/vs/workbench/api/node/extensionHostProcess.js:117:7570)
	at r.terminate (/home/zjc/.vscode-server/bin/6445d93c81ebe42c4cbd7a60712e0b17d9463e97/out/vs/workbench/api/node/extensionHostProcess.js:117:7842)
	at s.terminate (/home/zjc/.vscode-server/bin/6445d93c81ebe42c4cbd7a60712e0b17d9463e97/out/vs/workbench/api/node/extensionHostProcess.js:121:1506)
	at C (/home/zjc/.vscode-server/bin/6445d93c81ebe42c4cbd7a60712e0b17d9463e97/out/vs/workbench/api/node/extensionHostProcess.js:131:32254)
	at r.value (/home/zjc/.vscode-server/bin/6445d93c81ebe42c4cbd7a60712e0b17d9463e97/out/vs/workbench/api/node/extensionHostProcess.js:131:30301)
	at f.w (/home/zjc/.vscode-server/bin/6445d93c81ebe42c4cbd7a60712e0b17d9463e97/out/vs/workbench/api/node/extensionHostProcess.js:63:1902)
	at fire (/home/zjc/.vscode-server/bin/6445d93c81ebe42c4cbd7a60712e0b17d9463e97/out/vs/workbench/api/node/extensionHostProcess.js:63:2119)
	at y.fire (/home/zjc/.vscode-server/bin/6445d93c81ebe42c4cbd7a60712e0b17d9463e97/out/vs/workbench/api/node/extensionHostProcess.js:79:13931)
	at n.z (/home/zjc/.vscode-server/bin/6445d93c81ebe42c4cbd7a60712e0b17d9463e97/out/vs/workbench/api/node/extensionHostProcess.js:79:16996)
	at r.value (/home/zjc/.vscode-server/bin/6445d93c81ebe42c4cbd7a60712e0b17d9463e97/out/vs/workbench/api/node/extensionHostProcess.js:79:15448)
	at f.w (/home/zjc/.vscode-server/bin/6445d93c81ebe42c4cbd7a60712e0b17d9463e97/out/vs/workbench/api/node/extensionHostProcess.js:63:1902)
	at fire (/home/zjc/.vscode-server/bin/6445d93c81ebe42c4cbd7a60712e0b17d9463e97/out/vs/workbench/api/node/extensionHostProcess.js:63:2119)
	at r.acceptChunk (/home/zjc/.vscode-server/bin/6445d93c81ebe42c4cbd7a60712e0b17d9463e97/out/vs/workbench/api/node/extensionHostProcess.js:79:11705)
	at r.value (/home/zjc/.vscode-server/bin/6445d93c81ebe42c4cbd7a60712e0b17d9463e97/out/vs/workbench/api/node/extensionHostProcess.js:79:10992)
	at f.w (/home/zjc/.vscode-server/bin/6445d93c81ebe42c4cbd7a60712e0b17d9463e97/out/vs/workbench/api/node/extensionHostProcess.js:63:1902)
	at fire (/home/zjc/.vscode-server/bin/6445d93c81ebe42c4cbd7a60712e0b17d9463e97/out/vs/workbench/api/node/extensionHostProcess.js:63:2119)
	at f.u (/home/zjc/.vscode-server/bin/6445d93c81ebe42c4cbd7a60712e0b17d9463e97/out/vs/workbench/api/node/extensionHostProcess.js:131:19097)
	at f.acceptFrame (/home/zjc/.vscode-server/bin/6445d93c81ebe42c4cbd7a60712e0b17d9463e97/out/vs/workbench/api/node/extensionHostProcess.js:131:18903)
	at c.l (/home/zjc/.vscode-server/bin/6445d93c81ebe42c4cbd7a60712e0b17d9463e97/out/vs/workbench/api/node/extensionHostProcess.js:131:17536)
	at /home/zjc/.vscode-server/bin/6445d93c81ebe42c4cbd7a60712e0b17d9463e97/out/vs/workbench/api/node/extensionHostProcess.js:131:14883
	at Socket.v (/home/zjc/.vscode-server/bin/6445d93c81ebe42c4cbd7a60712e0b17d9463e97/out/vs/workbench/api/node/extensionHostProcess.js:131:12797)
	at Socket.emit (node:events:513:28)
	at addChunk (node:internal/streams/readable:315:12)
	at readableAddChunk (node:internal/streams/readable:289:9)
	at Socket.Readable.push (node:internal/streams/readable:228:10)
	at TCP.onStreamRead (node:internal/stream_base_commons:190:23) setContext undefined
2023-08-05 15:57:04.200 [error] Canceled: Canceled
	at new h (/home/zjc/.vscode-server/bin/6445d93c81ebe42c4cbd7a60712e0b17d9463e97/out/vs/workbench/api/node/extensionHostProcess.js:103:56634)
	at t.O (/home/zjc/.vscode-server/bin/6445d93c81ebe42c4cbd7a60712e0b17d9463e97/out/vs/workbench/api/node/extensionHostProcess.js:115:8020)
	at Proxy.N.<computed>.T.charCodeAt.N.<computed> (/home/zjc/.vscode-server/bin/6445d93c81ebe42c4cbd7a60712e0b17d9463e97/out/vs/workbench/api/node/extensionHostProcess.js:115:5459)
	at a.g (/home/zjc/.vscode-server/bin/6445d93c81ebe42c4cbd7a60712e0b17d9463e97/out/vs/workbench/api/node/extensionHostProcess.js:103:77241)
	at a.executeCommand (/home/zjc/.vscode-server/bin/6445d93c81ebe42c4cbd7a60712e0b17d9463e97/out/vs/workbench/api/node/extensionHostProcess.js:103:76679)
	at w.registerCommand.description (/home/zjc/.vscode-server/bin/6445d93c81ebe42c4cbd7a60712e0b17d9463e97/out/vs/workbench/api/node/extensionHostProcess.js:103:76000)
	at a.h (/home/zjc/.vscode-server/bin/6445d93c81ebe42c4cbd7a60712e0b17d9463e97/out/vs/workbench/api/node/extensionHostProcess.js:103:77777)
	at a.g (/home/zjc/.vscode-server/bin/6445d93c81ebe42c4cbd7a60712e0b17d9463e97/out/vs/workbench/api/node/extensionHostProcess.js:103:76772)
	at a.executeCommand (/home/zjc/.vscode-server/bin/6445d93c81ebe42c4cbd7a60712e0b17d9463e97/out/vs/workbench/api/node/extensionHostProcess.js:103:76679)
	at Object.executeCommand (/home/zjc/.vscode-server/bin/6445d93c81ebe42c4cbd7a60712e0b17d9463e97/out/vs/workbench/api/node/extensionHostProcess.js:121:20977)
	at t.$ve.set b [as b] (/home/zjc/.vscode-server/bin/6445d93c81ebe42c4cbd7a60712e0b17d9463e97/extensions/github/dist/extension.js:2:676183)
	at /home/zjc/.vscode-server/bin/6445d93c81ebe42c4cbd7a60712e0b17d9463e97/extensions/github/dist/extension.js:2:676827
	at r.value (/home/zjc/.vscode-server/bin/6445d93c81ebe42c4cbd7a60712e0b17d9463e97/extensions/git/dist/main.js:2:1349176)
	at f.w (/home/zjc/.vscode-server/bin/6445d93c81ebe42c4cbd7a60712e0b17d9463e97/out/vs/workbench/api/node/extensionHostProcess.js:63:1902)
	at f.x (/home/zjc/.vscode-server/bin/6445d93c81ebe42c4cbd7a60712e0b17d9463e97/out/vs/workbench/api/node/extensionHostProcess.js:63:1972)
	at fire (/home/zjc/.vscode-server/bin/6445d93c81ebe42c4cbd7a60712e0b17d9463e97/out/vs/workbench/api/node/extensionHostProcess.js:63:2188)
	at Object.m [as dispose] (/home/zjc/.vscode-server/bin/6445d93c81ebe42c4cbd7a60712e0b17d9463e97/extensions/git/dist/main.js:2:1277293)
	at /home/zjc/.vscode-server/bin/6445d93c81ebe42c4cbd7a60712e0b17d9463e97/extensions/git/dist/main.js:2:1282023
	at Array.forEach (<anonymous>)
	at g.dispose (/home/zjc/.vscode-server/bin/6445d93c81ebe42c4cbd7a60712e0b17d9463e97/extensions/git/dist/main.js:2:1282009)
	at p.<anonymous> (/home/zjc/.vscode-server/bin/6445d93c81ebe42c4cbd7a60712e0b17d9463e97/out/vs/workbench/api/node/extensionHostProcess.js:99:3381)
	at p.dispose (/home/zjc/.vscode-server/bin/6445d93c81ebe42c4cbd7a60712e0b17d9463e97/out/vs/workbench/api/node/extensionHostProcess.js:99:3478)
	at p.<anonymous> (/home/zjc/.vscode-server/bin/6445d93c81ebe42c4cbd7a60712e0b17d9463e97/extensions/git/dist/main.js:2:1263703)
	at p.dispose (/home/zjc/.vscode-server/bin/6445d93c81ebe42c4cbd7a60712e0b17d9463e97/out/vs/workbench/api/node/extensionHostProcess.js:99:3478)
	at S (/home/zjc/.vscode-server/bin/6445d93c81ebe42c4cbd7a60712e0b17d9463e97/out/vs/workbench/api/node/extensionHostProcess.js:13:11731)
	at r.Z (/home/zjc/.vscode-server/bin/6445d93c81ebe42c4cbd7a60712e0b17d9463e97/out/vs/workbench/api/node/extensionHostProcess.js:117:9686)
	at /home/zjc/.vscode-server/bin/6445d93c81ebe42c4cbd7a60712e0b17d9463e97/out/vs/workbench/api/node/extensionHostProcess.js:117:7582
	at Array.map (<anonymous>)
	at r.S (/home/zjc/.vscode-server/bin/6445d93c81ebe42c4cbd7a60712e0b17d9463e97/out/vs/workbench/api/node/extensionHostProcess.js:117:7570)
	at r.terminate (/home/zjc/.vscode-server/bin/6445d93c81ebe42c4cbd7a60712e0b17d9463e97/out/vs/workbench/api/node/extensionHostProcess.js:117:7842)
	at s.terminate (/home/zjc/.vscode-server/bin/6445d93c81ebe42c4cbd7a60712e0b17d9463e97/out/vs/workbench/api/node/extensionHostProcess.js:121:1506)
	at C (/home/zjc/.vscode-server/bin/6445d93c81ebe42c4cbd7a60712e0b17d9463e97/out/vs/workbench/api/node/extensionHostProcess.js:131:32254)
	at r.value (/home/zjc/.vscode-server/bin/6445d93c81ebe42c4cbd7a60712e0b17d9463e97/out/vs/workbench/api/node/extensionHostProcess.js:131:30301)
	at f.w (/home/zjc/.vscode-server/bin/6445d93c81ebe42c4cbd7a60712e0b17d9463e97/out/vs/workbench/api/node/extensionHostProcess.js:63:1902)
	at fire (/home/zjc/.vscode-server/bin/6445d93c81ebe42c4cbd7a60712e0b17d9463e97/out/vs/workbench/api/node/extensionHostProcess.js:63:2119)
	at y.fire (/home/zjc/.vscode-server/bin/6445d93c81ebe42c4cbd7a60712e0b17d9463e97/out/vs/workbench/api/node/extensionHostProcess.js:79:13931)
	at n.z (/home/zjc/.vscode-server/bin/6445d93c81ebe42c4cbd7a60712e0b17d9463e97/out/vs/workbench/api/node/extensionHostProcess.js:79:16996)
	at r.value (/home/zjc/.vscode-server/bin/6445d93c81ebe42c4cbd7a60712e0b17d9463e97/out/vs/workbench/api/node/extensionHostProcess.js:79:15448)
	at f.w (/home/zjc/.vscode-server/bin/6445d93c81ebe42c4cbd7a60712e0b17d9463e97/out/vs/workbench/api/node/extensionHostProcess.js:63:1902)
	at fire (/home/zjc/.vscode-server/bin/6445d93c81ebe42c4cbd7a60712e0b17d9463e97/out/vs/workbench/api/node/extensionHostProcess.js:63:2119)
	at r.acceptChunk (/home/zjc/.vscode-server/bin/6445d93c81ebe42c4cbd7a60712e0b17d9463e97/out/vs/workbench/api/node/extensionHostProcess.js:79:11705)
	at r.value (/home/zjc/.vscode-server/bin/6445d93c81ebe42c4cbd7a60712e0b17d9463e97/out/vs/workbench/api/node/extensionHostProcess.js:79:10992)
	at f.w (/home/zjc/.vscode-server/bin/6445d93c81ebe42c4cbd7a60712e0b17d9463e97/out/vs/workbench/api/node/extensionHostProcess.js:63:1902)
	at fire (/home/zjc/.vscode-server/bin/6445d93c81ebe42c4cbd7a60712e0b17d9463e97/out/vs/workbench/api/node/extensionHostProcess.js:63:2119)
	at f.u (/home/zjc/.vscode-server/bin/6445d93c81ebe42c4cbd7a60712e0b17d9463e97/out/vs/workbench/api/node/extensionHostProcess.js:131:19097)
	at f.acceptFrame (/home/zjc/.vscode-server/bin/6445d93c81ebe42c4cbd7a60712e0b17d9463e97/out/vs/workbench/api/node/extensionHostProcess.js:131:18903)
	at c.l (/home/zjc/.vscode-server/bin/6445d93c81ebe42c4cbd7a60712e0b17d9463e97/out/vs/workbench/api/node/extensionHostProcess.js:131:17536)
	at /home/zjc/.vscode-server/bin/6445d93c81ebe42c4cbd7a60712e0b17d9463e97/out/vs/workbench/api/node/extensionHostProcess.js:131:14883
	at Socket.v (/home/zjc/.vscode-server/bin/6445d93c81ebe42c4cbd7a60712e0b17d9463e97/out/vs/workbench/api/node/extensionHostProcess.js:131:12797)
	at Socket.emit (node:events:513:28)
	at addChunk (node:internal/streams/readable:315:12)
	at readableAddChunk (node:internal/streams/readable:289:9)
	at Socket.Readable.push (node:internal/streams/readable:228:10)
	at TCP.onStreamRead (node:internal/stream_base_commons:190:23) setContext undefined
2023-08-05 15:57:04.256 [info] Extension host with pid 143 exiting with code 0
